{"level":"debug","message":"mongodb://root:Ahit1234@localhost:27017/todo","timestamp":"2025-04-29T15:30:24.997Z"}
{"level":"info","message":"server running on port : 8080","timestamp":"2025-04-29T15:30:25.053Z"}
{"level":"debug","message":"Mongoose default connection open to mongodb://root:Ahit1234@localhost:27017/todo","timestamp":"2025-04-29T15:30:25.103Z"}
{"level":"info","message":"Mongoose connection done","timestamp":"2025-04-29T15:30:25.103Z"}
{"level":"error","message":"500 - Required - /api/todo - GET - ::1","timestamp":"2025-04-29T15:31:04.116Z"}
{"level":"error","message":"Error: Required\n    at /Users/tanujmalode/Desktop/My Code/nodejs-backend-architecture/dist/helpers/validator.js:23:29\n    at Layer.handle [as handle_request] (/Users/tanujmalode/Desktop/My Code/nodejs-backend-architecture/node_modules/.pnpm/express@4.21.2/node_modules/express/lib/router/layer.js:95:5)\n    at trim_prefix (/Users/tanujmalode/Desktop/My Code/nodejs-backend-architecture/node_modules/.pnpm/express@4.21.2/node_modules/express/lib/router/index.js:328:13)\n    at /Users/tanujmalode/Desktop/My Code/nodejs-backend-architecture/node_modules/.pnpm/express@4.21.2/node_modules/express/lib/router/index.js:286:9\n    at Function.process_params (/Users/tanujmalode/Desktop/My Code/nodejs-backend-architecture/node_modules/.pnpm/express@4.21.2/node_modules/express/lib/router/index.js:346:12)\n    at next (/Users/tanujmalode/Desktop/My Code/nodejs-backend-architecture/node_modules/.pnpm/express@4.21.2/node_modules/express/lib/router/index.js:280:10)\n    at Function.handle (/Users/tanujmalode/Desktop/My Code/nodejs-backend-architecture/node_modules/.pnpm/express@4.21.2/node_modules/express/lib/router/index.js:175:3)\n    at router (/Users/tanujmalode/Desktop/My Code/nodejs-backend-architecture/node_modules/.pnpm/express@4.21.2/node_modules/express/lib/router/index.js:47:12)\n    at Layer.handle [as handle_request] (/Users/tanujmalode/Desktop/My Code/nodejs-backend-architecture/node_modules/.pnpm/express@4.21.2/node_modules/express/lib/router/layer.js:95:5)\n    at next (/Users/tanujmalode/Desktop/My Code/nodejs-backend-architecture/node_modules/.pnpm/express@4.21.2/node_modules/express/lib/router/route.js:149:13)","timestamp":"2025-04-29T15:31:04.117Z"}
{"level":"debug","message":"mongodb://root:Ahit1234@localhost:27017/todo","timestamp":"2025-04-29T15:31:44.177Z"}
{"level":"info","message":"server running on port : 8080","timestamp":"2025-04-29T15:31:44.236Z"}
{"level":"debug","message":"Mongoose default connection open to mongodb://root:Ahit1234@localhost:27017/todo","timestamp":"2025-04-29T15:31:44.268Z"}
{"level":"info","message":"Mongoose connection done","timestamp":"2025-04-29T15:31:44.269Z"}
{"level":"error","message":"500 - Required - /api/todo - GET - ::1","timestamp":"2025-04-29T15:31:49.274Z"}
{"level":"error","message":"Error: Required\n    at /Users/tanujmalode/Desktop/My Code/nodejs-backend-architecture/dist/helpers/validator.js:23:29\n    at Layer.handle [as handle_request] (/Users/tanujmalode/Desktop/My Code/nodejs-backend-architecture/node_modules/.pnpm/express@4.21.2/node_modules/express/lib/router/layer.js:95:5)\n    at trim_prefix (/Users/tanujmalode/Desktop/My Code/nodejs-backend-architecture/node_modules/.pnpm/express@4.21.2/node_modules/express/lib/router/index.js:328:13)\n    at /Users/tanujmalode/Desktop/My Code/nodejs-backend-architecture/node_modules/.pnpm/express@4.21.2/node_modules/express/lib/router/index.js:286:9\n    at Function.process_params (/Users/tanujmalode/Desktop/My Code/nodejs-backend-architecture/node_modules/.pnpm/express@4.21.2/node_modules/express/lib/router/index.js:346:12)\n    at next (/Users/tanujmalode/Desktop/My Code/nodejs-backend-architecture/node_modules/.pnpm/express@4.21.2/node_modules/express/lib/router/index.js:280:10)\n    at Function.handle (/Users/tanujmalode/Desktop/My Code/nodejs-backend-architecture/node_modules/.pnpm/express@4.21.2/node_modules/express/lib/router/index.js:175:3)\n    at router (/Users/tanujmalode/Desktop/My Code/nodejs-backend-architecture/node_modules/.pnpm/express@4.21.2/node_modules/express/lib/router/index.js:47:12)\n    at Layer.handle [as handle_request] (/Users/tanujmalode/Desktop/My Code/nodejs-backend-architecture/node_modules/.pnpm/express@4.21.2/node_modules/express/lib/router/layer.js:95:5)\n    at next (/Users/tanujmalode/Desktop/My Code/nodejs-backend-architecture/node_modules/.pnpm/express@4.21.2/node_modules/express/lib/router/route.js:149:13)","timestamp":"2025-04-29T15:31:49.274Z"}
{"level":"debug","message":"mongodb://root:Ahit1234@localhost:27017/todo","timestamp":"2025-04-29T15:32:06.780Z"}
{"level":"info","message":"server running on port : 8080","timestamp":"2025-04-29T15:32:06.837Z"}
{"level":"debug","message":"Mongoose default connection open to mongodb://root:Ahit1234@localhost:27017/todo","timestamp":"2025-04-29T15:32:06.852Z"}
{"level":"info","message":"Mongoose connection done","timestamp":"2025-04-29T15:32:06.853Z"}
{"level":"debug","message":"mongodb://root:Ahit1234@localhost:27017/todo","timestamp":"2025-04-29T15:32:36.787Z"}
{"level":"info","message":"server running on port : 8080","timestamp":"2025-04-29T15:32:36.841Z"}
{"level":"debug","message":"Mongoose default connection open to mongodb://root:Ahit1234@localhost:27017/todo","timestamp":"2025-04-29T15:32:36.854Z"}
{"level":"info","message":"Mongoose connection done","timestamp":"2025-04-29T15:32:36.855Z"}
{"level":"error","message":"500 - Required - /api/todo - GET - ::1","timestamp":"2025-04-29T15:32:37.990Z"}
{"level":"error","message":"Error: Required\n    at /Users/tanujmalode/Desktop/My Code/nodejs-backend-architecture/dist/helpers/validator.js:23:29\n    at Layer.handle [as handle_request] (/Users/tanujmalode/Desktop/My Code/nodejs-backend-architecture/node_modules/.pnpm/express@4.21.2/node_modules/express/lib/router/layer.js:95:5)\n    at trim_prefix (/Users/tanujmalode/Desktop/My Code/nodejs-backend-architecture/node_modules/.pnpm/express@4.21.2/node_modules/express/lib/router/index.js:328:13)\n    at /Users/tanujmalode/Desktop/My Code/nodejs-backend-architecture/node_modules/.pnpm/express@4.21.2/node_modules/express/lib/router/index.js:286:9\n    at Function.process_params (/Users/tanujmalode/Desktop/My Code/nodejs-backend-architecture/node_modules/.pnpm/express@4.21.2/node_modules/express/lib/router/index.js:346:12)\n    at next (/Users/tanujmalode/Desktop/My Code/nodejs-backend-architecture/node_modules/.pnpm/express@4.21.2/node_modules/express/lib/router/index.js:280:10)\n    at Function.handle (/Users/tanujmalode/Desktop/My Code/nodejs-backend-architecture/node_modules/.pnpm/express@4.21.2/node_modules/express/lib/router/index.js:175:3)\n    at router (/Users/tanujmalode/Desktop/My Code/nodejs-backend-architecture/node_modules/.pnpm/express@4.21.2/node_modules/express/lib/router/index.js:47:12)\n    at Layer.handle [as handle_request] (/Users/tanujmalode/Desktop/My Code/nodejs-backend-architecture/node_modules/.pnpm/express@4.21.2/node_modules/express/lib/router/layer.js:95:5)\n    at next (/Users/tanujmalode/Desktop/My Code/nodejs-backend-architecture/node_modules/.pnpm/express@4.21.2/node_modules/express/lib/router/route.js:149:13)","timestamp":"2025-04-29T15:32:37.990Z"}
{"level":"debug","message":"mongodb://root:Ahit1234@localhost:27017/todo","timestamp":"2025-04-29T15:33:35.738Z"}
{"level":"info","message":"server running on port : 8080","timestamp":"2025-04-29T15:33:35.794Z"}
{"level":"debug","message":"Mongoose default connection open to mongodb://root:Ahit1234@localhost:27017/todo","timestamp":"2025-04-29T15:33:35.808Z"}
{"level":"info","message":"Mongoose connection done","timestamp":"2025-04-29T15:33:35.809Z"}
{"level":"error","message":"500 - Required - /api/todo - GET - ::1","timestamp":"2025-04-29T15:33:40.619Z"}
{"level":"error","message":"Error: Required\n    at /Users/tanujmalode/Desktop/My Code/nodejs-backend-architecture/dist/helpers/validator.js:24:29\n    at Layer.handle [as handle_request] (/Users/tanujmalode/Desktop/My Code/nodejs-backend-architecture/node_modules/.pnpm/express@4.21.2/node_modules/express/lib/router/layer.js:95:5)\n    at trim_prefix (/Users/tanujmalode/Desktop/My Code/nodejs-backend-architecture/node_modules/.pnpm/express@4.21.2/node_modules/express/lib/router/index.js:328:13)\n    at /Users/tanujmalode/Desktop/My Code/nodejs-backend-architecture/node_modules/.pnpm/express@4.21.2/node_modules/express/lib/router/index.js:286:9\n    at Function.process_params (/Users/tanujmalode/Desktop/My Code/nodejs-backend-architecture/node_modules/.pnpm/express@4.21.2/node_modules/express/lib/router/index.js:346:12)\n    at next (/Users/tanujmalode/Desktop/My Code/nodejs-backend-architecture/node_modules/.pnpm/express@4.21.2/node_modules/express/lib/router/index.js:280:10)\n    at Function.handle (/Users/tanujmalode/Desktop/My Code/nodejs-backend-architecture/node_modules/.pnpm/express@4.21.2/node_modules/express/lib/router/index.js:175:3)\n    at router (/Users/tanujmalode/Desktop/My Code/nodejs-backend-architecture/node_modules/.pnpm/express@4.21.2/node_modules/express/lib/router/index.js:47:12)\n    at Layer.handle [as handle_request] (/Users/tanujmalode/Desktop/My Code/nodejs-backend-architecture/node_modules/.pnpm/express@4.21.2/node_modules/express/lib/router/layer.js:95:5)\n    at next (/Users/tanujmalode/Desktop/My Code/nodejs-backend-architecture/node_modules/.pnpm/express@4.21.2/node_modules/express/lib/router/route.js:149:13)","timestamp":"2025-04-29T15:33:40.620Z"}
{"level":"info","message":"Mongoose default connection disconnected","timestamp":"2025-04-29T15:34:31.872Z"}
{"level":"debug","message":"mongodb://root:Ahit1234@localhost:27017/todo","timestamp":"2025-04-29T15:39:27.905Z"}
{"level":"info","message":"server running on port : 8080","timestamp":"2025-04-29T15:39:28.023Z"}
{"level":"debug","message":"Mongoose default connection open to mongodb://root:Ahit1234@localhost:27017/todo","timestamp":"2025-04-29T15:39:28.073Z"}
{"level":"info","message":"Mongoose connection done","timestamp":"2025-04-29T15:39:28.074Z"}
{"level":"error","message":"500 - Required - /api/todo - GET - ::1","timestamp":"2025-04-29T15:39:51.925Z"}
{"level":"error","message":"Error: Required\n    at /Users/tanujmalode/Desktop/My Code/nodejs-backend-architecture/dist/helpers/validator.js:16:29\n    at Layer.handle [as handle_request] (/Users/tanujmalode/Desktop/My Code/nodejs-backend-architecture/node_modules/.pnpm/express@4.21.2/node_modules/express/lib/router/layer.js:95:5)\n    at trim_prefix (/Users/tanujmalode/Desktop/My Code/nodejs-backend-architecture/node_modules/.pnpm/express@4.21.2/node_modules/express/lib/router/index.js:328:13)\n    at /Users/tanujmalode/Desktop/My Code/nodejs-backend-architecture/node_modules/.pnpm/express@4.21.2/node_modules/express/lib/router/index.js:286:9\n    at Function.process_params (/Users/tanujmalode/Desktop/My Code/nodejs-backend-architecture/node_modules/.pnpm/express@4.21.2/node_modules/express/lib/router/index.js:346:12)\n    at next (/Users/tanujmalode/Desktop/My Code/nodejs-backend-architecture/node_modules/.pnpm/express@4.21.2/node_modules/express/lib/router/index.js:280:10)\n    at Function.handle (/Users/tanujmalode/Desktop/My Code/nodejs-backend-architecture/node_modules/.pnpm/express@4.21.2/node_modules/express/lib/router/index.js:175:3)\n    at router (/Users/tanujmalode/Desktop/My Code/nodejs-backend-architecture/node_modules/.pnpm/express@4.21.2/node_modules/express/lib/router/index.js:47:12)\n    at Layer.handle [as handle_request] (/Users/tanujmalode/Desktop/My Code/nodejs-backend-architecture/node_modules/.pnpm/express@4.21.2/node_modules/express/lib/router/layer.js:95:5)\n    at next (/Users/tanujmalode/Desktop/My Code/nodejs-backend-architecture/node_modules/.pnpm/express@4.21.2/node_modules/express/lib/router/route.js:149:13)","timestamp":"2025-04-29T15:39:51.928Z"}
{"level":"error","message":"500 - Required - /api/todo - GET - ::1","timestamp":"2025-04-29T15:40:06.341Z"}
{"level":"error","message":"Error: Required\n    at /Users/tanujmalode/Desktop/My Code/nodejs-backend-architecture/dist/helpers/validator.js:16:29\n    at Layer.handle [as handle_request] (/Users/tanujmalode/Desktop/My Code/nodejs-backend-architecture/node_modules/.pnpm/express@4.21.2/node_modules/express/lib/router/layer.js:95:5)\n    at trim_prefix (/Users/tanujmalode/Desktop/My Code/nodejs-backend-architecture/node_modules/.pnpm/express@4.21.2/node_modules/express/lib/router/index.js:328:13)\n    at /Users/tanujmalode/Desktop/My Code/nodejs-backend-architecture/node_modules/.pnpm/express@4.21.2/node_modules/express/lib/router/index.js:286:9\n    at Function.process_params (/Users/tanujmalode/Desktop/My Code/nodejs-backend-architecture/node_modules/.pnpm/express@4.21.2/node_modules/express/lib/router/index.js:346:12)\n    at next (/Users/tanujmalode/Desktop/My Code/nodejs-backend-architecture/node_modules/.pnpm/express@4.21.2/node_modules/express/lib/router/index.js:280:10)\n    at Function.handle (/Users/tanujmalode/Desktop/My Code/nodejs-backend-architecture/node_modules/.pnpm/express@4.21.2/node_modules/express/lib/router/index.js:175:3)\n    at router (/Users/tanujmalode/Desktop/My Code/nodejs-backend-architecture/node_modules/.pnpm/express@4.21.2/node_modules/express/lib/router/index.js:47:12)\n    at Layer.handle [as handle_request] (/Users/tanujmalode/Desktop/My Code/nodejs-backend-architecture/node_modules/.pnpm/express@4.21.2/node_modules/express/lib/router/layer.js:95:5)\n    at next (/Users/tanujmalode/Desktop/My Code/nodejs-backend-architecture/node_modules/.pnpm/express@4.21.2/node_modules/express/lib/router/route.js:149:13)","timestamp":"2025-04-29T15:40:06.342Z"}
{"level":"debug","message":"mongodb://root:Ahit1234@localhost:27017/todo","timestamp":"2025-04-29T15:41:00.093Z"}
{"level":"info","message":"server running on port : 8080","timestamp":"2025-04-29T15:41:00.166Z"}
{"level":"debug","message":"Mongoose default connection open to mongodb://root:Ahit1234@localhost:27017/todo","timestamp":"2025-04-29T15:41:00.192Z"}
{"level":"info","message":"Mongoose connection done","timestamp":"2025-04-29T15:41:00.193Z"}
{"level":"error","message":"500 - Required - /api/todo - GET - ::1","timestamp":"2025-04-29T15:41:05.259Z"}
{"level":"error","message":"Error: Required\n    at /Users/tanujmalode/Desktop/My Code/nodejs-backend-architecture/dist/helpers/validator.js:17:29\n    at Layer.handle [as handle_request] (/Users/tanujmalode/Desktop/My Code/nodejs-backend-architecture/node_modules/.pnpm/express@4.21.2/node_modules/express/lib/router/layer.js:95:5)\n    at trim_prefix (/Users/tanujmalode/Desktop/My Code/nodejs-backend-architecture/node_modules/.pnpm/express@4.21.2/node_modules/express/lib/router/index.js:328:13)\n    at /Users/tanujmalode/Desktop/My Code/nodejs-backend-architecture/node_modules/.pnpm/express@4.21.2/node_modules/express/lib/router/index.js:286:9\n    at Function.process_params (/Users/tanujmalode/Desktop/My Code/nodejs-backend-architecture/node_modules/.pnpm/express@4.21.2/node_modules/express/lib/router/index.js:346:12)\n    at next (/Users/tanujmalode/Desktop/My Code/nodejs-backend-architecture/node_modules/.pnpm/express@4.21.2/node_modules/express/lib/router/index.js:280:10)\n    at Function.handle (/Users/tanujmalode/Desktop/My Code/nodejs-backend-architecture/node_modules/.pnpm/express@4.21.2/node_modules/express/lib/router/index.js:175:3)\n    at router (/Users/tanujmalode/Desktop/My Code/nodejs-backend-architecture/node_modules/.pnpm/express@4.21.2/node_modules/express/lib/router/index.js:47:12)\n    at Layer.handle [as handle_request] (/Users/tanujmalode/Desktop/My Code/nodejs-backend-architecture/node_modules/.pnpm/express@4.21.2/node_modules/express/lib/router/layer.js:95:5)\n    at next (/Users/tanujmalode/Desktop/My Code/nodejs-backend-architecture/node_modules/.pnpm/express@4.21.2/node_modules/express/lib/router/route.js:149:13)","timestamp":"2025-04-29T15:41:05.259Z"}
{"level":"info","message":"Mongoose default connection disconnected","timestamp":"2025-04-29T15:41:50.055Z"}
{"level":"debug","message":"mongodb://root:Ahit1234@localhost:27017/todo","timestamp":"2025-04-29T15:41:54.607Z"}
{"level":"info","message":"server running on port : 8080","timestamp":"2025-04-29T15:41:54.674Z"}
{"level":"debug","message":"Mongoose default connection open to mongodb://root:Ahit1234@localhost:27017/todo","timestamp":"2025-04-29T15:41:54.746Z"}
{"level":"info","message":"Mongoose connection done","timestamp":"2025-04-29T15:41:54.747Z"}
{"level":"error","message":"500 - Required - /api/todo - GET - ::1","timestamp":"2025-04-29T15:42:01.579Z"}
{"level":"error","message":"Error: Required\n    at /Users/tanujmalode/Desktop/My Code/nodejs-backend-architecture/dist/helpers/validator.js:17:29\n    at Layer.handle [as handle_request] (/Users/tanujmalode/Desktop/My Code/nodejs-backend-architecture/node_modules/.pnpm/express@4.21.2/node_modules/express/lib/router/layer.js:95:5)\n    at trim_prefix (/Users/tanujmalode/Desktop/My Code/nodejs-backend-architecture/node_modules/.pnpm/express@4.21.2/node_modules/express/lib/router/index.js:328:13)\n    at /Users/tanujmalode/Desktop/My Code/nodejs-backend-architecture/node_modules/.pnpm/express@4.21.2/node_modules/express/lib/router/index.js:286:9\n    at Function.process_params (/Users/tanujmalode/Desktop/My Code/nodejs-backend-architecture/node_modules/.pnpm/express@4.21.2/node_modules/express/lib/router/index.js:346:12)\n    at next (/Users/tanujmalode/Desktop/My Code/nodejs-backend-architecture/node_modules/.pnpm/express@4.21.2/node_modules/express/lib/router/index.js:280:10)\n    at Function.handle (/Users/tanujmalode/Desktop/My Code/nodejs-backend-architecture/node_modules/.pnpm/express@4.21.2/node_modules/express/lib/router/index.js:175:3)\n    at router (/Users/tanujmalode/Desktop/My Code/nodejs-backend-architecture/node_modules/.pnpm/express@4.21.2/node_modules/express/lib/router/index.js:47:12)\n    at Layer.handle [as handle_request] (/Users/tanujmalode/Desktop/My Code/nodejs-backend-architecture/node_modules/.pnpm/express@4.21.2/node_modules/express/lib/router/layer.js:95:5)\n    at next (/Users/tanujmalode/Desktop/My Code/nodejs-backend-architecture/node_modules/.pnpm/express@4.21.2/node_modules/express/lib/router/route.js:149:13)","timestamp":"2025-04-29T15:42:01.580Z"}
{"level":"info","message":"Mongoose default connection disconnected","timestamp":"2025-04-29T15:42:21.001Z"}
{"level":"debug","message":"mongodb://root:Ahit1234@localhost:27017/todo","timestamp":"2025-04-29T15:42:49.005Z"}
{"level":"info","message":"server running on port : 8080","timestamp":"2025-04-29T15:42:49.073Z"}
{"level":"debug","message":"Mongoose default connection open to mongodb://root:Ahit1234@localhost:27017/todo","timestamp":"2025-04-29T15:42:49.090Z"}
{"level":"info","message":"Mongoose connection done","timestamp":"2025-04-29T15:42:49.091Z"}
{"level":"error","message":"500 - Required - /api/todo - GET - ::1","timestamp":"2025-04-29T15:42:52.928Z"}
{"level":"error","message":"Error: Required\n    at /Users/tanujmalode/Desktop/My Code/nodejs-backend-architecture/dist/helpers/validator.js:17:29\n    at Layer.handle [as handle_request] (/Users/tanujmalode/Desktop/My Code/nodejs-backend-architecture/node_modules/.pnpm/express@4.21.2/node_modules/express/lib/router/layer.js:95:5)\n    at trim_prefix (/Users/tanujmalode/Desktop/My Code/nodejs-backend-architecture/node_modules/.pnpm/express@4.21.2/node_modules/express/lib/router/index.js:328:13)\n    at /Users/tanujmalode/Desktop/My Code/nodejs-backend-architecture/node_modules/.pnpm/express@4.21.2/node_modules/express/lib/router/index.js:286:9\n    at Function.process_params (/Users/tanujmalode/Desktop/My Code/nodejs-backend-architecture/node_modules/.pnpm/express@4.21.2/node_modules/express/lib/router/index.js:346:12)\n    at next (/Users/tanujmalode/Desktop/My Code/nodejs-backend-architecture/node_modules/.pnpm/express@4.21.2/node_modules/express/lib/router/index.js:280:10)\n    at Function.handle (/Users/tanujmalode/Desktop/My Code/nodejs-backend-architecture/node_modules/.pnpm/express@4.21.2/node_modules/express/lib/router/index.js:175:3)\n    at router (/Users/tanujmalode/Desktop/My Code/nodejs-backend-architecture/node_modules/.pnpm/express@4.21.2/node_modules/express/lib/router/index.js:47:12)\n    at Layer.handle [as handle_request] (/Users/tanujmalode/Desktop/My Code/nodejs-backend-architecture/node_modules/.pnpm/express@4.21.2/node_modules/express/lib/router/layer.js:95:5)\n    at next (/Users/tanujmalode/Desktop/My Code/nodejs-backend-architecture/node_modules/.pnpm/express@4.21.2/node_modules/express/lib/router/route.js:149:13)","timestamp":"2025-04-29T15:42:52.928Z"}
{"level":"debug","message":"mongodb://root:Ahit1234@localhost:27017/todo","timestamp":"2025-04-29T15:44:05.307Z"}
{"address":"::","code":"EADDRINUSE","errno":-48,"level":"error","port":8080,"syscall":"listen","timestamp":"2025-04-29T15:44:05.496Z"}
{"level":"debug","message":"Mongoose default connection open to mongodb://root:Ahit1234@localhost:27017/todo","timestamp":"2025-04-29T15:44:05.518Z"}
{"level":"info","message":"Mongoose connection done","timestamp":"2025-04-29T15:44:05.519Z"}
{"level":"error","message":"500 - Required - /api/todo - GET - ::1","timestamp":"2025-04-29T15:44:09.034Z"}
{"level":"error","message":"Error: Required\n    at /Users/tanujmalode/Desktop/My Code/nodejs-backend-architecture/dist/helpers/validator.js:17:29\n    at Layer.handle [as handle_request] (/Users/tanujmalode/Desktop/My Code/nodejs-backend-architecture/node_modules/.pnpm/express@4.21.2/node_modules/express/lib/router/layer.js:95:5)\n    at trim_prefix (/Users/tanujmalode/Desktop/My Code/nodejs-backend-architecture/node_modules/.pnpm/express@4.21.2/node_modules/express/lib/router/index.js:328:13)\n    at /Users/tanujmalode/Desktop/My Code/nodejs-backend-architecture/node_modules/.pnpm/express@4.21.2/node_modules/express/lib/router/index.js:286:9\n    at Function.process_params (/Users/tanujmalode/Desktop/My Code/nodejs-backend-architecture/node_modules/.pnpm/express@4.21.2/node_modules/express/lib/router/index.js:346:12)\n    at next (/Users/tanujmalode/Desktop/My Code/nodejs-backend-architecture/node_modules/.pnpm/express@4.21.2/node_modules/express/lib/router/index.js:280:10)\n    at Function.handle (/Users/tanujmalode/Desktop/My Code/nodejs-backend-architecture/node_modules/.pnpm/express@4.21.2/node_modules/express/lib/router/index.js:175:3)\n    at router (/Users/tanujmalode/Desktop/My Code/nodejs-backend-architecture/node_modules/.pnpm/express@4.21.2/node_modules/express/lib/router/index.js:47:12)\n    at Layer.handle [as handle_request] (/Users/tanujmalode/Desktop/My Code/nodejs-backend-architecture/node_modules/.pnpm/express@4.21.2/node_modules/express/lib/router/layer.js:95:5)\n    at next (/Users/tanujmalode/Desktop/My Code/nodejs-backend-architecture/node_modules/.pnpm/express@4.21.2/node_modules/express/lib/router/route.js:149:13)","timestamp":"2025-04-29T15:44:09.034Z"}
{"level":"info","message":"Mongoose default connection disconnected","timestamp":"2025-04-29T15:44:19.304Z"}
{"level":"debug","message":"mongodb://root:Ahit1234@localhost:27017/todo","timestamp":"2025-04-29T15:44:30.783Z"}
{"level":"info","message":"server running on port : 8080","timestamp":"2025-04-29T15:44:30.850Z"}
{"level":"debug","message":"Mongoose default connection open to mongodb://root:Ahit1234@localhost:27017/todo","timestamp":"2025-04-29T15:44:30.863Z"}
{"level":"info","message":"Mongoose connection done","timestamp":"2025-04-29T15:44:30.864Z"}
{"level":"error","message":"500 - Required - /api/todo - GET - ::1","timestamp":"2025-04-29T15:44:34.034Z"}
{"level":"error","message":"Error: Required\n    at /Users/tanujmalode/Desktop/My Code/nodejs-backend-architecture/dist/helpers/validator.js:17:29\n    at Layer.handle [as handle_request] (/Users/tanujmalode/Desktop/My Code/nodejs-backend-architecture/node_modules/.pnpm/express@4.21.2/node_modules/express/lib/router/layer.js:95:5)\n    at trim_prefix (/Users/tanujmalode/Desktop/My Code/nodejs-backend-architecture/node_modules/.pnpm/express@4.21.2/node_modules/express/lib/router/index.js:328:13)\n    at /Users/tanujmalode/Desktop/My Code/nodejs-backend-architecture/node_modules/.pnpm/express@4.21.2/node_modules/express/lib/router/index.js:286:9\n    at Function.process_params (/Users/tanujmalode/Desktop/My Code/nodejs-backend-architecture/node_modules/.pnpm/express@4.21.2/node_modules/express/lib/router/index.js:346:12)\n    at next (/Users/tanujmalode/Desktop/My Code/nodejs-backend-architecture/node_modules/.pnpm/express@4.21.2/node_modules/express/lib/router/index.js:280:10)\n    at Function.handle (/Users/tanujmalode/Desktop/My Code/nodejs-backend-architecture/node_modules/.pnpm/express@4.21.2/node_modules/express/lib/router/index.js:175:3)\n    at router (/Users/tanujmalode/Desktop/My Code/nodejs-backend-architecture/node_modules/.pnpm/express@4.21.2/node_modules/express/lib/router/index.js:47:12)\n    at Layer.handle [as handle_request] (/Users/tanujmalode/Desktop/My Code/nodejs-backend-architecture/node_modules/.pnpm/express@4.21.2/node_modules/express/lib/router/layer.js:95:5)\n    at next (/Users/tanujmalode/Desktop/My Code/nodejs-backend-architecture/node_modules/.pnpm/express@4.21.2/node_modules/express/lib/router/route.js:149:13)","timestamp":"2025-04-29T15:44:34.034Z"}
{"level":"debug","message":"mongodb://root:Ahit1234@localhost:27017/todo","timestamp":"2025-04-29T15:45:06.936Z"}
{"level":"info","message":"server running on port : 8080","timestamp":"2025-04-29T15:45:07.009Z"}
{"level":"debug","message":"Mongoose default connection open to mongodb://root:Ahit1234@localhost:27017/todo","timestamp":"2025-04-29T15:45:07.027Z"}
{"level":"info","message":"Mongoose connection done","timestamp":"2025-04-29T15:45:07.028Z"}
{"level":"info","message":"Mongoose default connection disconnected","timestamp":"2025-04-29T15:45:19.212Z"}
{"level":"debug","message":"mongodb://root:Ahit1234@localhost:27017/todo","timestamp":"2025-04-29T15:45:53.507Z"}
{"level":"info","message":"server running on port : 8080","timestamp":"2025-04-29T15:45:53.565Z"}
{"level":"debug","message":"Mongoose default connection open to mongodb://root:Ahit1234@localhost:27017/todo","timestamp":"2025-04-29T15:45:53.593Z"}
{"level":"info","message":"Mongoose connection done","timestamp":"2025-04-29T15:45:53.594Z"}
{"level":"error","message":"500 - Required - /api/todo - GET - ::1","timestamp":"2025-04-29T15:45:57.996Z"}
{"level":"error","message":"Error: Required\n    at /Users/tanujmalode/Desktop/My Code/nodejs-backend-architecture/dist/helpers/validator.js:25:29\n    at Layer.handle [as handle_request] (/Users/tanujmalode/Desktop/My Code/nodejs-backend-architecture/node_modules/.pnpm/express@4.21.2/node_modules/express/lib/router/layer.js:95:5)\n    at trim_prefix (/Users/tanujmalode/Desktop/My Code/nodejs-backend-architecture/node_modules/.pnpm/express@4.21.2/node_modules/express/lib/router/index.js:328:13)\n    at /Users/tanujmalode/Desktop/My Code/nodejs-backend-architecture/node_modules/.pnpm/express@4.21.2/node_modules/express/lib/router/index.js:286:9\n    at Function.process_params (/Users/tanujmalode/Desktop/My Code/nodejs-backend-architecture/node_modules/.pnpm/express@4.21.2/node_modules/express/lib/router/index.js:346:12)\n    at next (/Users/tanujmalode/Desktop/My Code/nodejs-backend-architecture/node_modules/.pnpm/express@4.21.2/node_modules/express/lib/router/index.js:280:10)\n    at Function.handle (/Users/tanujmalode/Desktop/My Code/nodejs-backend-architecture/node_modules/.pnpm/express@4.21.2/node_modules/express/lib/router/index.js:175:3)\n    at router (/Users/tanujmalode/Desktop/My Code/nodejs-backend-architecture/node_modules/.pnpm/express@4.21.2/node_modules/express/lib/router/index.js:47:12)\n    at Layer.handle [as handle_request] (/Users/tanujmalode/Desktop/My Code/nodejs-backend-architecture/node_modules/.pnpm/express@4.21.2/node_modules/express/lib/router/layer.js:95:5)\n    at next (/Users/tanujmalode/Desktop/My Code/nodejs-backend-architecture/node_modules/.pnpm/express@4.21.2/node_modules/express/lib/router/route.js:149:13)","timestamp":"2025-04-29T15:45:57.997Z"}
{"level":"debug","message":"mongodb://root:Ahit1234@localhost:27017/todo","timestamp":"2025-04-29T15:47:13.170Z"}
{"level":"info","message":"server running on port : 8080","timestamp":"2025-04-29T15:47:13.226Z"}
{"level":"debug","message":"Mongoose default connection open to mongodb://root:Ahit1234@localhost:27017/todo","timestamp":"2025-04-29T15:47:13.246Z"}
{"level":"info","message":"Mongoose connection done","timestamp":"2025-04-29T15:47:13.246Z"}
{"level":"error","message":"500 - Required - /api/todo - GET - ::1","timestamp":"2025-04-29T15:47:16.912Z"}
{"level":"error","message":"Error: Required\n    at /Users/tanujmalode/Desktop/My Code/nodejs-backend-architecture/dist/helpers/validator.js:25:29\n    at Layer.handle [as handle_request] (/Users/tanujmalode/Desktop/My Code/nodejs-backend-architecture/node_modules/.pnpm/express@4.21.2/node_modules/express/lib/router/layer.js:95:5)\n    at trim_prefix (/Users/tanujmalode/Desktop/My Code/nodejs-backend-architecture/node_modules/.pnpm/express@4.21.2/node_modules/express/lib/router/index.js:328:13)\n    at /Users/tanujmalode/Desktop/My Code/nodejs-backend-architecture/node_modules/.pnpm/express@4.21.2/node_modules/express/lib/router/index.js:286:9\n    at Function.process_params (/Users/tanujmalode/Desktop/My Code/nodejs-backend-architecture/node_modules/.pnpm/express@4.21.2/node_modules/express/lib/router/index.js:346:12)\n    at next (/Users/tanujmalode/Desktop/My Code/nodejs-backend-architecture/node_modules/.pnpm/express@4.21.2/node_modules/express/lib/router/index.js:280:10)\n    at Function.handle (/Users/tanujmalode/Desktop/My Code/nodejs-backend-architecture/node_modules/.pnpm/express@4.21.2/node_modules/express/lib/router/index.js:175:3)\n    at router (/Users/tanujmalode/Desktop/My Code/nodejs-backend-architecture/node_modules/.pnpm/express@4.21.2/node_modules/express/lib/router/index.js:47:12)\n    at Layer.handle [as handle_request] (/Users/tanujmalode/Desktop/My Code/nodejs-backend-architecture/node_modules/.pnpm/express@4.21.2/node_modules/express/lib/router/layer.js:95:5)\n    at next (/Users/tanujmalode/Desktop/My Code/nodejs-backend-architecture/node_modules/.pnpm/express@4.21.2/node_modules/express/lib/router/route.js:149:13)","timestamp":"2025-04-29T15:47:16.912Z"}
{"level":"debug","message":"mongodb://root:Ahit1234@localhost:27017/todo","timestamp":"2025-04-29T15:51:40.493Z"}
{"level":"info","message":"server running on port : 8080","timestamp":"2025-04-29T15:51:40.556Z"}
{"level":"debug","message":"Mongoose default connection open to mongodb://root:Ahit1234@localhost:27017/todo","timestamp":"2025-04-29T15:51:40.589Z"}
{"level":"info","message":"Mongoose connection done","timestamp":"2025-04-29T15:51:40.590Z"}
{"level":"error","message":"500 - Required - /api/todo - GET - ::1","timestamp":"2025-04-29T15:51:46.322Z"}
{"level":"error","message":"Error: Required\n    at /Users/tanujmalode/Desktop/My Code/nodejs-backend-architecture/dist/helpers/validator.js:25:29\n    at Layer.handle [as handle_request] (/Users/tanujmalode/Desktop/My Code/nodejs-backend-architecture/node_modules/.pnpm/express@4.21.2/node_modules/express/lib/router/layer.js:95:5)\n    at trim_prefix (/Users/tanujmalode/Desktop/My Code/nodejs-backend-architecture/node_modules/.pnpm/express@4.21.2/node_modules/express/lib/router/index.js:328:13)\n    at /Users/tanujmalode/Desktop/My Code/nodejs-backend-architecture/node_modules/.pnpm/express@4.21.2/node_modules/express/lib/router/index.js:286:9\n    at Function.process_params (/Users/tanujmalode/Desktop/My Code/nodejs-backend-architecture/node_modules/.pnpm/express@4.21.2/node_modules/express/lib/router/index.js:346:12)\n    at next (/Users/tanujmalode/Desktop/My Code/nodejs-backend-architecture/node_modules/.pnpm/express@4.21.2/node_modules/express/lib/router/index.js:280:10)\n    at Function.handle (/Users/tanujmalode/Desktop/My Code/nodejs-backend-architecture/node_modules/.pnpm/express@4.21.2/node_modules/express/lib/router/index.js:175:3)\n    at router (/Users/tanujmalode/Desktop/My Code/nodejs-backend-architecture/node_modules/.pnpm/express@4.21.2/node_modules/express/lib/router/index.js:47:12)\n    at Layer.handle [as handle_request] (/Users/tanujmalode/Desktop/My Code/nodejs-backend-architecture/node_modules/.pnpm/express@4.21.2/node_modules/express/lib/router/layer.js:95:5)\n    at next (/Users/tanujmalode/Desktop/My Code/nodejs-backend-architecture/node_modules/.pnpm/express@4.21.2/node_modules/express/lib/router/route.js:149:13)","timestamp":"2025-04-29T15:51:46.323Z"}
{"level":"error","message":"500 - Token expired - /api/todo - GET - ::1","timestamp":"2025-04-29T15:53:56.915Z"}
{"level":"error","message":"Error: Token expired\n    at /Users/tanujmalode/Desktop/My Code/nodejs-backend-architecture/dist/auth/authentication.js:80:15\n    at Generator.throw (<anonymous>)\n    at rejected (/Users/tanujmalode/Desktop/My Code/nodejs-backend-architecture/dist/auth/authentication.js:39:65)\n    at process.processTicksAndRejections (node:internal/process/task_queues:105:5)","timestamp":"2025-04-29T15:53:56.916Z"}
{"level":"debug","message":"mongodb://root:Ahit1234@localhost:27017/todo","timestamp":"2025-04-29T15:54:59.539Z"}
{"level":"info","message":"server running on port : 8080","timestamp":"2025-04-29T15:54:59.604Z"}
{"level":"debug","message":"Mongoose default connection open to mongodb://root:Ahit1234@localhost:27017/todo","timestamp":"2025-04-29T15:54:59.643Z"}
{"level":"info","message":"Mongoose connection done","timestamp":"2025-04-29T15:54:59.646Z"}
{"level":"debug","message":"mongodb://root:Ahit1234@localhost:27017/todo","timestamp":"2025-04-29T15:55:08.009Z"}
{"level":"info","message":"server running on port : 8080","timestamp":"2025-04-29T15:55:08.060Z"}
{"level":"debug","message":"Mongoose default connection open to mongodb://root:Ahit1234@localhost:27017/todo","timestamp":"2025-04-29T15:55:08.073Z"}
{"level":"info","message":"Mongoose connection done","timestamp":"2025-04-29T15:55:08.073Z"}
{"level":"debug","message":"mongodb://root:Ahit1234@localhost:27017/todo","timestamp":"2025-04-29T15:55:30.494Z"}
{"level":"info","message":"server running on port : 8080","timestamp":"2025-04-29T15:55:30.548Z"}
{"level":"debug","message":"Mongoose default connection open to mongodb://root:Ahit1234@localhost:27017/todo","timestamp":"2025-04-29T15:55:30.561Z"}
{"level":"info","message":"Mongoose connection done","timestamp":"2025-04-29T15:55:30.562Z"}
{"level":"error","message":"500 - Token expired - /api/todo - GET - ::1","timestamp":"2025-04-29T15:56:20.423Z"}
{"level":"error","message":"Error: Token expired\n    at /Users/tanujmalode/Desktop/My Code/nodejs-backend-architecture/dist/auth/authentication.js:80:15\n    at Generator.throw (<anonymous>)\n    at rejected (/Users/tanujmalode/Desktop/My Code/nodejs-backend-architecture/dist/auth/authentication.js:39:65)\n    at process.processTicksAndRejections (node:internal/process/task_queues:105:5)","timestamp":"2025-04-29T15:56:20.423Z"}
{"level":"debug","message":"mongodb://root:Ahit1234@localhost:27017/todo","timestamp":"2025-04-29T15:57:00.720Z"}
{"level":"info","message":"server running on port : 8080","timestamp":"2025-04-29T15:57:00.778Z"}
{"level":"debug","message":"Mongoose default connection open to mongodb://root:Ahit1234@localhost:27017/todo","timestamp":"2025-04-29T15:57:00.791Z"}
{"level":"info","message":"Mongoose connection done","timestamp":"2025-04-29T15:57:00.792Z"}
{"level":"debug","message":"mongodb://root:Ahit1234@localhost:27017/todo","timestamp":"2025-04-29T16:01:23.736Z"}
{"level":"info","message":"server running on port : 8080","timestamp":"2025-04-29T16:01:23.827Z"}
{"level":"debug","message":"Mongoose default connection open to mongodb://root:Ahit1234@localhost:27017/todo","timestamp":"2025-04-29T16:01:23.973Z"}
{"level":"info","message":"Mongoose connection done","timestamp":"2025-04-29T16:01:23.974Z"}
{"level":"debug","message":"mongodb://root:Ahit1234@localhost:27017/todo","timestamp":"2025-04-29T16:02:57.955Z"}
{"level":"info","message":"server running on port : 8080","timestamp":"2025-04-29T16:02:58.021Z"}
{"level":"debug","message":"Mongoose default connection open to mongodb://root:Ahit1234@localhost:27017/todo","timestamp":"2025-04-29T16:02:58.054Z"}
{"level":"info","message":"Mongoose connection done","timestamp":"2025-04-29T16:02:58.055Z"}
{"level":"debug","message":"mongodb://root:Ahit1234@localhost:27017/todo","timestamp":"2025-04-29T16:04:07.561Z"}
{"level":"info","message":"server running on port : 8080","timestamp":"2025-04-29T16:04:07.645Z"}
{"level":"debug","message":"Mongoose default connection open to mongodb://root:Ahit1234@localhost:27017/todo","timestamp":"2025-04-29T16:04:08.045Z"}
{"level":"info","message":"Mongoose connection done","timestamp":"2025-04-29T16:04:08.048Z"}
{"level":"error","message":"500 - Token expired - /api/todo - GET - ::1","timestamp":"2025-04-29T16:06:21.299Z"}
{"level":"error","message":"Error: Token expired\n    at /Users/tanujmalode/Desktop/My Code/nodejs-backend-architecture/dist/auth/authentication.js:80:15\n    at Generator.throw (<anonymous>)\n    at rejected (/Users/tanujmalode/Desktop/My Code/nodejs-backend-architecture/dist/auth/authentication.js:39:65)\n    at process.processTicksAndRejections (node:internal/process/task_queues:105:5)","timestamp":"2025-04-29T16:06:21.300Z"}
{"level":"debug","message":"mongodb://root:Ahit1234@localhost:27017/todo","timestamp":"2025-04-29T16:07:19.590Z"}
{"level":"info","message":"server running on port : 8080","timestamp":"2025-04-29T16:07:19.687Z"}
{"level":"debug","message":"Mongoose default connection open to mongodb://root:Ahit1234@localhost:27017/todo","timestamp":"2025-04-29T16:07:19.729Z"}
{"level":"info","message":"Mongoose connection done","timestamp":"2025-04-29T16:07:19.729Z"}
{"level":"error","message":"500 - Token expired - /api/todo - GET - ::1","timestamp":"2025-04-29T16:08:15.131Z"}
{"level":"error","message":"Error: Token expired\n    at /Users/tanujmalode/Desktop/My Code/nodejs-backend-architecture/dist/auth/authentication.js:80:15\n    at Generator.throw (<anonymous>)\n    at rejected (/Users/tanujmalode/Desktop/My Code/nodejs-backend-architecture/dist/auth/authentication.js:39:65)\n    at process.processTicksAndRejections (node:internal/process/task_queues:105:5)","timestamp":"2025-04-29T16:08:15.132Z"}
{"level":"error","message":"500 - Invalid refresh token - /api/users/refresh - GET - ::1","timestamp":"2025-04-29T16:10:39.311Z"}
{"level":"error","message":"Error: Invalid refresh token\n    at /Users/tanujmalode/Desktop/My Code/nodejs-backend-architecture/dist/controllers/userController.js:117:15\n    at Generator.next (<anonymous>)\n    at fulfilled (/Users/tanujmalode/Desktop/My Code/nodejs-backend-architecture/dist/controllers/userController.js:5:58)\n    at process.processTicksAndRejections (node:internal/process/task_queues:105:5)","timestamp":"2025-04-29T16:10:39.313Z"}
{"level":"error","message":"500 - Invalid refresh token - /api/users/refresh - GET - ::1","timestamp":"2025-04-29T16:11:12.360Z"}
{"level":"error","message":"Error: Invalid refresh token\n    at /Users/tanujmalode/Desktop/My Code/nodejs-backend-architecture/dist/controllers/userController.js:117:15\n    at Generator.next (<anonymous>)\n    at fulfilled (/Users/tanujmalode/Desktop/My Code/nodejs-backend-architecture/dist/controllers/userController.js:5:58)\n    at process.processTicksAndRejections (node:internal/process/task_queues:105:5)","timestamp":"2025-04-29T16:11:12.364Z"}
{"level":"debug","message":"mongodb://root:Ahit1234@localhost:27017/todo","timestamp":"2025-04-29T16:12:04.864Z"}
{"level":"info","message":"server running on port : 8080","timestamp":"2025-04-29T16:12:04.929Z"}
{"level":"debug","message":"Mongoose default connection open to mongodb://root:Ahit1234@localhost:27017/todo","timestamp":"2025-04-29T16:12:04.979Z"}
{"level":"info","message":"Mongoose connection done","timestamp":"2025-04-29T16:12:04.980Z"}
{"level":"error","message":"500 - Invalid refresh token - /api/users/refresh - GET - ::1","timestamp":"2025-04-29T16:12:09.271Z"}
{"level":"error","message":"Error: Invalid refresh token\n    at /Users/tanujmalode/Desktop/My Code/nodejs-backend-architecture/dist/controllers/userController.js:118:15\n    at Generator.next (<anonymous>)\n    at fulfilled (/Users/tanujmalode/Desktop/My Code/nodejs-backend-architecture/dist/controllers/userController.js:5:58)\n    at process.processTicksAndRejections (node:internal/process/task_queues:105:5)","timestamp":"2025-04-29T16:12:09.271Z"}
{"level":"debug","message":"mongodb://root:Ahit1234@localhost:27017/todo","timestamp":"2025-04-29T16:23:41.185Z"}
{"level":"info","message":"server running on port : 8080","timestamp":"2025-04-29T16:23:41.247Z"}
{"level":"debug","message":"Mongoose default connection open to mongodb://root:Ahit1234@localhost:27017/todo","timestamp":"2025-04-29T16:23:41.281Z"}
{"level":"info","message":"Mongoose connection done","timestamp":"2025-04-29T16:23:41.282Z"}
{"level":"error","message":"500 - Invalid refresh token - /api/users/refresh - GET - ::1","timestamp":"2025-04-29T16:23:46.307Z"}
{"level":"error","message":"Error: Invalid refresh token\n    at /Users/tanujmalode/Desktop/My Code/nodejs-backend-architecture/dist/controllers/userController.js:119:15\n    at Generator.next (<anonymous>)\n    at fulfilled (/Users/tanujmalode/Desktop/My Code/nodejs-backend-architecture/dist/controllers/userController.js:5:58)\n    at process.processTicksAndRejections (node:internal/process/task_queues:105:5)","timestamp":"2025-04-29T16:23:46.307Z"}
{"level":"debug","message":"mongodb://root:Ahit1234@localhost:27017/todo","timestamp":"2025-04-29T16:24:03.018Z"}
{"level":"info","message":"server running on port : 8080","timestamp":"2025-04-29T16:24:03.072Z"}
{"level":"debug","message":"Mongoose default connection open to mongodb://root:Ahit1234@localhost:27017/todo","timestamp":"2025-04-29T16:24:03.086Z"}
{"level":"info","message":"Mongoose connection done","timestamp":"2025-04-29T16:24:03.086Z"}
{"level":"error","message":"500 - Invalid refresh token - /api/users/refresh - GET - ::1","timestamp":"2025-04-29T16:24:05.392Z"}
{"level":"error","message":"Error: Invalid refresh token\n    at /Users/tanujmalode/Desktop/My Code/nodejs-backend-architecture/dist/controllers/userController.js:120:15\n    at Generator.next (<anonymous>)\n    at fulfilled (/Users/tanujmalode/Desktop/My Code/nodejs-backend-architecture/dist/controllers/userController.js:5:58)\n    at process.processTicksAndRejections (node:internal/process/task_queues:105:5)","timestamp":"2025-04-29T16:24:05.392Z"}
{"level":"debug","message":"mongodb://root:Ahit1234@localhost:27017/todo","timestamp":"2025-04-29T16:26:42.850Z"}
{"level":"info","message":"server running on port : 8080","timestamp":"2025-04-29T16:26:42.910Z"}
{"level":"debug","message":"Mongoose default connection open to mongodb://root:Ahit1234@localhost:27017/todo","timestamp":"2025-04-29T16:26:42.924Z"}
{"level":"info","message":"Mongoose connection done","timestamp":"2025-04-29T16:26:42.925Z"}
{"level":"debug","message":"mongodb://root:Ahit1234@localhost:27017/todo","timestamp":"2025-04-29T16:29:55.609Z"}
{"level":"info","message":"server running on port : 8080","timestamp":"2025-04-29T16:29:55.665Z"}
{"level":"debug","message":"Mongoose default connection open to mongodb://root:Ahit1234@localhost:27017/todo","timestamp":"2025-04-29T16:29:55.679Z"}
{"level":"info","message":"Mongoose connection done","timestamp":"2025-04-29T16:29:55.680Z"}
{"level":"error","message":"500 - Invalid refresh token - /api/users/refresh - GET - ::1","timestamp":"2025-04-29T16:30:00.657Z"}
{"level":"error","message":"Error: Invalid refresh token\n    at /Users/tanujmalode/Desktop/My Code/nodejs-backend-architecture/dist/controllers/userController.js:124:15\n    at Generator.next (<anonymous>)\n    at fulfilled (/Users/tanujmalode/Desktop/My Code/nodejs-backend-architecture/dist/controllers/userController.js:5:58)\n    at process.processTicksAndRejections (node:internal/process/task_queues:105:5)","timestamp":"2025-04-29T16:30:00.657Z"}
{"level":"debug","message":"mongodb://root:Ahit1234@localhost:27017/todo","timestamp":"2025-04-29T16:30:27.037Z"}
{"level":"info","message":"server running on port : 8080","timestamp":"2025-04-29T16:30:27.095Z"}
{"level":"debug","message":"Mongoose default connection open to mongodb://root:Ahit1234@localhost:27017/todo","timestamp":"2025-04-29T16:30:27.108Z"}
{"level":"info","message":"Mongoose connection done","timestamp":"2025-04-29T16:30:27.109Z"}
{"level":"error","message":"500 - Invalid refresh token - /api/users/refresh - GET - ::1","timestamp":"2025-04-29T16:30:28.821Z"}
{"level":"error","message":"Error: Invalid refresh token\n    at /Users/tanujmalode/Desktop/My Code/nodejs-backend-architecture/dist/controllers/userController.js:125:15\n    at Generator.next (<anonymous>)\n    at fulfilled (/Users/tanujmalode/Desktop/My Code/nodejs-backend-architecture/dist/controllers/userController.js:5:58)\n    at process.processTicksAndRejections (node:internal/process/task_queues:105:5)","timestamp":"2025-04-29T16:30:28.821Z"}
{"level":"debug","message":"mongodb://root:Ahit1234@localhost:27017/todo","timestamp":"2025-04-29T16:33:15.963Z"}
{"level":"info","message":"server running on port : 8080","timestamp":"2025-04-29T16:33:16.021Z"}
{"level":"debug","message":"Mongoose default connection open to mongodb://root:Ahit1234@localhost:27017/todo","timestamp":"2025-04-29T16:33:16.034Z"}
{"level":"info","message":"Mongoose connection done","timestamp":"2025-04-29T16:33:16.035Z"}
{"level":"info","message":"Mongoose default connection disconnected","timestamp":"2025-04-29T16:52:50.512Z"}
{"level":"debug","message":"Mongoose default connection open to mongodb://root:Ahit1234@localhost:27017/todo","timestamp":"2025-04-29T16:53:01.283Z"}
{"level":"info","message":"Mongoose default connection disconnected","timestamp":"2025-04-29T17:27:22.442Z"}
{"level":"debug","message":"Mongoose default connection open to mongodb://root:Ahit1234@localhost:27017/todo","timestamp":"2025-04-29T17:27:33.191Z"}
{"level":"info","message":"Mongoose default connection disconnected","timestamp":"2025-04-29T17:29:45.500Z"}
{"level":"debug","message":"Mongoose default connection open to mongodb://root:Ahit1234@localhost:27017/todo","timestamp":"2025-04-29T17:29:55.587Z"}
{"level":"info","message":"Mongoose default connection disconnected","timestamp":"2025-04-29T17:29:59.373Z"}
