{"level":"info","message":"Mongoose default connection disconnected","timestamp":"2025-04-20T18:37:38.949Z"}
{"level":"debug","message":"Mongoose default connection open to mongodb://root:Ahit1234@localhost:27017/todo","timestamp":"2025-04-20T18:37:49.162Z"}
{"level":"info","message":"Mongoose default connection disconnected","timestamp":"2025-04-20T18:53:31.968Z"}
{"level":"debug","message":"Mongoose default connection open to mongodb://root:Ahit1234@localhost:27017/todo","timestamp":"2025-04-20T18:53:42.020Z"}
{"level":"info","message":"Mongoose default connection disconnected","timestamp":"2025-04-20T19:12:00.888Z"}
{"level":"debug","message":"Mongoose default connection open to mongodb://root:Ahit1234@localhost:27017/todo","timestamp":"2025-04-20T19:12:11.195Z"}
{"level":"info","message":"Mongoose default connection disconnected","timestamp":"2025-04-20T19:27:47.900Z"}
{"level":"debug","message":"Mongoose default connection open to mongodb://root:Ahit1234@localhost:27017/todo","timestamp":"2025-04-20T19:27:57.999Z"}
{"level":"info","message":"Mongoose default connection disconnected","timestamp":"2025-04-20T19:43:55.922Z"}
{"level":"debug","message":"Mongoose default connection open to mongodb://root:Ahit1234@localhost:27017/todo","timestamp":"2025-04-20T19:44:06.052Z"}
{"level":"info","message":"Mongoose default connection disconnected","timestamp":"2025-04-20T20:02:30.899Z"}
{"level":"debug","message":"Mongoose default connection open to mongodb://root:Ahit1234@localhost:27017/todo","timestamp":"2025-04-20T20:02:41.020Z"}
{"level":"info","message":"Mongoose default connection disconnected","timestamp":"2025-04-20T20:18:48.920Z"}
{"level":"debug","message":"Mongoose default connection open to mongodb://root:Ahit1234@localhost:27017/todo","timestamp":"2025-04-20T20:18:59.039Z"}
{"level":"info","message":"Mongoose default connection disconnected","timestamp":"2025-04-20T20:35:32.916Z"}
{"level":"debug","message":"Mongoose default connection open to mongodb://root:Ahit1234@localhost:27017/todo","timestamp":"2025-04-20T20:35:43.054Z"}
{"level":"info","message":"Mongoose default connection disconnected","timestamp":"2025-04-20T20:54:09.934Z"}
{"level":"debug","message":"Mongoose default connection open to mongodb://root:Ahit1234@localhost:27017/todo","timestamp":"2025-04-20T20:54:20.028Z"}
{"level":"info","message":"Mongoose default connection disconnected","timestamp":"2025-04-20T21:11:12.900Z"}
{"level":"debug","message":"Mongoose default connection open to mongodb://root:Ahit1234@localhost:27017/todo","timestamp":"2025-04-20T21:26:23.641Z"}
{"level":"info","message":"Mongoose default connection disconnected","timestamp":"2025-04-20T21:44:00.868Z"}
{"level":"debug","message":"Mongoose default connection open to mongodb://root:Ahit1234@localhost:27017/todo","timestamp":"2025-04-20T21:44:10.973Z"}
{"level":"info","message":"Mongoose default connection disconnected","timestamp":"2025-04-20T22:02:02.883Z"}
{"level":"debug","message":"Mongoose default connection open to mongodb://root:Ahit1234@localhost:27017/todo","timestamp":"2025-04-20T22:02:13.033Z"}
{"level":"info","message":"Mongoose default connection disconnected","timestamp":"2025-04-20T22:18:29.903Z"}
{"level":"debug","message":"Mongoose default connection open to mongodb://root:Ahit1234@localhost:27017/todo","timestamp":"2025-04-20T22:18:40.019Z"}
{"level":"info","message":"Mongoose default connection disconnected","timestamp":"2025-04-20T22:35:51.904Z"}
{"level":"debug","message":"Mongoose default connection open to mongodb://root:Ahit1234@localhost:27017/todo","timestamp":"2025-04-20T22:36:02.640Z"}
{"level":"info","message":"Mongoose default connection disconnected","timestamp":"2025-04-20T22:55:17.913Z"}
{"level":"debug","message":"Mongoose default connection open to mongodb://root:Ahit1234@localhost:27017/todo","timestamp":"2025-04-20T22:55:28.048Z"}
{"level":"info","message":"Mongoose default connection disconnected","timestamp":"2025-04-20T23:12:29.913Z"}
{"level":"debug","message":"Mongoose default connection open to mongodb://root:Ahit1234@localhost:27017/todo","timestamp":"2025-04-20T23:12:40.619Z"}
{"level":"info","message":"Mongoose default connection disconnected","timestamp":"2025-04-20T23:20:26.902Z"}
{"level":"debug","message":"Mongoose default connection open to mongodb://root:Ahit1234@localhost:27017/todo","timestamp":"2025-04-20T23:20:36.921Z"}
{"level":"info","message":"Mongoose default connection disconnected","timestamp":"2025-04-20T23:38:56.914Z"}
{"level":"debug","message":"Mongoose default connection open to mongodb://root:Ahit1234@localhost:27017/todo","timestamp":"2025-04-20T23:39:07.047Z"}
{"level":"info","message":"Mongoose default connection disconnected","timestamp":"2025-04-20T23:45:20.851Z"}
{"level":"debug","message":"Mongoose default connection open to mongodb://root:Ahit1234@localhost:27017/todo","timestamp":"2025-04-20T23:57:39.097Z"}
{"level":"info","message":"Mongoose default connection disconnected","timestamp":"2025-04-21T00:14:59.834Z"}
{"level":"debug","message":"Mongoose default connection open to mongodb://root:Ahit1234@localhost:27017/todo","timestamp":"2025-04-21T00:15:09.970Z"}
{"level":"info","message":"Mongoose default connection disconnected","timestamp":"2025-04-21T00:32:11.871Z"}
{"level":"debug","message":"Mongoose default connection open to mongodb://root:Ahit1234@localhost:27017/todo","timestamp":"2025-04-21T00:32:22.008Z"}
{"level":"info","message":"Mongoose default connection disconnected","timestamp":"2025-04-21T00:46:20.860Z"}
{"level":"debug","message":"Mongoose default connection open to mongodb://root:Ahit1234@localhost:27017/todo","timestamp":"2025-04-21T01:02:24.590Z"}
{"level":"info","message":"Mongoose default connection disconnected","timestamp":"2025-04-21T01:18:28.861Z"}
{"level":"debug","message":"Mongoose default connection open to mongodb://root:Ahit1234@localhost:27017/todo","timestamp":"2025-04-21T01:18:38.991Z"}
{"level":"info","message":"Mongoose default connection disconnected","timestamp":"2025-04-21T01:36:38.862Z"}
{"level":"debug","message":"Mongoose default connection open to mongodb://root:Ahit1234@localhost:27017/todo","timestamp":"2025-04-21T01:36:48.996Z"}
{"level":"info","message":"Mongoose default connection disconnected","timestamp":"2025-04-21T01:54:23.849Z"}
{"level":"debug","message":"Mongoose default connection open to mongodb://root:Ahit1234@localhost:27017/todo","timestamp":"2025-04-21T01:54:34.537Z"}
{"level":"info","message":"Mongoose default connection disconnected","timestamp":"2025-04-21T02:10:04.782Z"}
{"level":"debug","message":"Mongoose default connection open to mongodb://root:Ahit1234@localhost:27017/todo","timestamp":"2025-04-21T02:10:14.910Z"}
{"level":"info","message":"Mongoose default connection disconnected","timestamp":"2025-04-21T02:25:32.792Z"}
{"level":"debug","message":"Mongoose default connection open to mongodb://root:Ahit1234@localhost:27017/todo","timestamp":"2025-04-21T02:41:40.393Z"}
{"level":"info","message":"Mongoose default connection disconnected","timestamp":"2025-04-21T02:58:20.788Z"}
{"level":"debug","message":"Mongoose default connection open to mongodb://root:Ahit1234@localhost:27017/todo","timestamp":"2025-04-21T03:14:59.560Z"}
{"level":"info","message":"Mongoose default connection disconnected","timestamp":"2025-04-21T03:20:00.778Z"}
{"level":"debug","message":"Mongoose default connection open to mongodb://root:Ahit1234@localhost:27017/todo","timestamp":"2025-04-21T03:36:10.396Z"}
{"level":"info","message":"Mongoose default connection disconnected","timestamp":"2025-04-21T03:52:55.804Z"}
{"level":"debug","message":"Mongoose default connection open to mongodb://root:Ahit1234@localhost:27017/todo","timestamp":"2025-04-21T03:53:05.954Z"}
{"level":"info","message":"Mongoose default connection disconnected","timestamp":"2025-04-21T04:10:42.805Z"}
{"level":"debug","message":"Mongoose default connection open to mongodb://root:Ahit1234@localhost:27017/todo","timestamp":"2025-04-21T04:10:52.922Z"}
{"level":"info","message":"Mongoose default connection disconnected","timestamp":"2025-04-21T04:21:00.786Z"}
{"level":"debug","message":"Mongoose default connection open to mongodb://root:Ahit1234@localhost:27017/todo","timestamp":"2025-04-21T04:22:50.322Z"}
{"level":"info","message":"Mongoose default connection disconnected","timestamp":"2025-04-21T04:33:39.960Z"}
{"level":"debug","message":"Mongoose default connection open to mongodb://root:Ahit1234@localhost:27017/todo","timestamp":"2025-04-21T04:33:49.927Z"}
{"level":"info","message":"Mongoose default connection disconnected","timestamp":"2025-04-21T04:35:25.065Z"}
{"level":"debug","message":"Mongoose default connection open to mongodb://root:Ahit1234@localhost:27017/todo","timestamp":"2025-04-21T04:35:35.080Z"}
{"level":"info","message":"Mongoose default connection disconnected","timestamp":"2025-04-21T04:38:43.615Z"}
{"level":"debug","message":"Mongoose default connection open to mongodb://root:Ahit1234@localhost:27017/todo","timestamp":"2025-04-21T04:38:53.634Z"}
{"level":"info","message":"Mongoose default connection disconnected","timestamp":"2025-04-21T04:56:56.693Z"}
{"level":"debug","message":"Mongoose default connection open to mongodb://root:Ahit1234@localhost:27017/todo","timestamp":"2025-04-21T04:57:06.959Z"}
{"level":"info","message":"Mongoose default connection disconnected","timestamp":"2025-04-21T05:09:12.514Z"}
{"level":"debug","message":"Mongoose default connection open to mongodb://root:Ahit1234@localhost:27017/todo","timestamp":"2025-04-21T05:09:22.562Z"}
{"level":"info","message":"Mongoose default connection disconnected","timestamp":"2025-04-21T05:10:59.621Z"}
{"level":"debug","message":"Mongoose default connection open to mongodb://root:Ahit1234@localhost:27017/todo","timestamp":"2025-04-21T05:11:09.641Z"}
{"level":"info","message":"Mongoose default connection disconnected","timestamp":"2025-04-21T05:13:10.907Z"}
{"level":"debug","message":"Mongoose default connection open to mongodb://root:Ahit1234@localhost:27017/todo","timestamp":"2025-04-21T05:13:21.083Z"}
{"level":"info","message":"Mongoose default connection disconnected","timestamp":"2025-04-21T05:22:00.809Z"}
{"level":"debug","message":"Mongoose default connection open to mongodb://root:Ahit1234@localhost:27017/todo","timestamp":"2025-04-21T05:24:53.407Z"}
{"level":"info","message":"Mongoose default connection disconnected","timestamp":"2025-04-21T05:27:55.258Z"}
{"level":"debug","message":"Mongoose default connection open to mongodb://root:Ahit1234@localhost:27017/todo","timestamp":"2025-04-21T05:39:11.886Z"}
{"level":"info","message":"Mongoose default connection disconnected","timestamp":"2025-04-21T05:40:56.063Z"}
{"level":"debug","message":"Mongoose default connection open to mongodb://root:Ahit1234@localhost:27017/todo","timestamp":"2025-04-21T05:41:06.085Z"}
{"level":"info","message":"Mongoose default connection disconnected","timestamp":"2025-04-21T05:43:16.457Z"}
{"level":"debug","message":"Mongoose default connection open to mongodb://root:Ahit1234@localhost:27017/todo","timestamp":"2025-04-21T05:55:00.798Z"}
{"level":"info","message":"Mongoose default connection disconnected","timestamp":"2025-04-21T06:13:01.771Z"}
{"level":"debug","message":"Mongoose default connection open to mongodb://root:Ahit1234@localhost:27017/todo","timestamp":"2025-04-21T06:23:05.482Z"}
{"level":"info","message":"Mongoose default connection disconnected","timestamp":"2025-04-21T06:39:51.738Z"}
{"level":"debug","message":"Mongoose default connection open to mongodb://root:Ahit1234@localhost:27017/todo","timestamp":"2025-04-21T06:40:02.431Z"}
{"level":"info","message":"Mongoose default connection disconnected","timestamp":"2025-04-21T06:56:43.624Z"}
{"level":"debug","message":"Mongoose default connection open to mongodb://root:Ahit1234@localhost:27017/todo","timestamp":"2025-04-21T07:12:56.043Z"}
{"level":"info","message":"Mongoose default connection disconnected","timestamp":"2025-04-21T07:14:37.117Z"}
{"level":"debug","message":"Mongoose default connection open to mongodb://root:Ahit1234@localhost:27017/todo","timestamp":"2025-04-21T07:24:03.383Z"}
{"level":"info","message":"Mongoose default connection disconnected","timestamp":"2025-04-21T07:33:26.704Z"}
{"level":"debug","message":"Mongoose default connection open to mongodb://root:Ahit1234@localhost:27017/todo","timestamp":"2025-04-21T07:33:36.726Z"}
{"level":"info","message":"Mongoose default connection disconnected","timestamp":"2025-04-21T07:41:08.652Z"}
{"level":"debug","message":"Mongoose default connection open to mongodb://root:Ahit1234@localhost:27017/todo","timestamp":"2025-04-21T07:41:18.673Z"}
{"level":"info","message":"Mongoose default connection disconnected","timestamp":"2025-04-21T07:47:03.977Z"}
{"level":"debug","message":"Mongoose default connection open to mongodb://root:Ahit1234@localhost:27017/todo","timestamp":"2025-04-21T07:48:52.505Z"}
{"level":"info","message":"Mongoose default connection disconnected","timestamp":"2025-04-21T07:50:41.299Z"}
{"level":"debug","message":"Mongoose default connection open to mongodb://root:Ahit1234@localhost:27017/todo","timestamp":"2025-04-21T07:55:27.812Z"}
{"level":"info","message":"Mongoose default connection disconnected","timestamp":"2025-04-21T07:59:21.497Z"}
{"level":"debug","message":"Mongoose default connection open to mongodb://root:Ahit1234@localhost:27017/todo","timestamp":"2025-04-21T07:59:31.517Z"}
{"level":"info","message":"Mongoose default connection disconnected","timestamp":"2025-04-21T08:05:28.000Z"}
{"level":"debug","message":"Mongoose default connection open to mongodb://root:Ahit1234@localhost:27017/todo","timestamp":"2025-04-21T08:05:38.116Z"}
{"level":"info","message":"Mongoose default connection disconnected","timestamp":"2025-04-21T08:08:41.880Z"}
{"level":"debug","message":"Mongoose default connection open to mongodb://root:Ahit1234@localhost:27017/todo","timestamp":"2025-04-21T08:11:37.763Z"}
{"level":"info","message":"Mongoose default connection disconnected","timestamp":"2025-04-21T08:22:54.572Z"}
{"level":"debug","message":"Mongoose default connection open to mongodb://root:Ahit1234@localhost:27017/todo","timestamp":"2025-04-21T08:25:03.079Z"}
{"level":"info","message":"Mongoose default connection disconnected","timestamp":"2025-04-21T08:42:12.722Z"}
{"level":"debug","message":"Mongoose default connection open to mongodb://root:Ahit1234@localhost:27017/todo","timestamp":"2025-04-21T08:57:24.403Z"}
{"level":"info","message":"Mongoose default connection disconnected","timestamp":"2025-04-21T09:14:55.727Z"}
{"level":"debug","message":"Mongoose default connection open to mongodb://root:Ahit1234@localhost:27017/todo","timestamp":"2025-04-21T09:26:04.780Z"}
{"level":"info","message":"Mongoose default connection disconnected","timestamp":"2025-04-21T09:43:45.724Z"}
{"level":"debug","message":"Mongoose default connection open to mongodb://root:Ahit1234@localhost:27017/todo","timestamp":"2025-04-21T09:45:43.512Z"}
{"level":"info","message":"Mongoose default connection disconnected","timestamp":"2025-04-21T10:03:02.742Z"}
{"level":"debug","message":"Mongoose default connection open to mongodb://root:Ahit1234@localhost:27017/todo","timestamp":"2025-04-21T10:03:12.966Z"}
{"level":"info","message":"Mongoose default connection disconnected","timestamp":"2025-04-21T10:21:38.752Z"}
{"level":"debug","message":"Mongoose default connection open to mongodb://root:Ahit1234@localhost:27017/todo","timestamp":"2025-04-21T10:27:05.434Z"}
{"level":"info","message":"Mongoose default connection disconnected","timestamp":"2025-04-21T10:40:35.654Z"}
{"level":"debug","message":"Mongoose default connection open to mongodb://root:Ahit1234@localhost:27017/todo","timestamp":"2025-04-21T10:47:46.730Z"}
{"level":"info","message":"Mongoose default connection disconnected","timestamp":"2025-04-21T11:05:10.754Z"}
{"level":"debug","message":"Mongoose default connection open to mongodb://root:Ahit1234@localhost:27017/todo","timestamp":"2025-04-21T11:05:20.952Z"}
{"level":"info","message":"Mongoose default connection disconnected","timestamp":"2025-04-21T11:07:00.087Z"}
{"level":"debug","message":"Mongoose default connection open to mongodb://root:Ahit1234@localhost:27017/todo","timestamp":"2025-04-21T11:22:38.384Z"}
{"level":"info","message":"Mongoose default connection disconnected","timestamp":"2025-04-21T11:28:00.713Z"}
{"level":"debug","message":"Mongoose default connection open to mongodb://root:Ahit1234@localhost:27017/todo","timestamp":"2025-04-21T11:28:10.743Z"}
{"level":"info","message":"Mongoose default connection disconnected","timestamp":"2025-04-21T11:45:07.705Z"}
{"level":"debug","message":"Mongoose default connection open to mongodb://root:Ahit1234@localhost:27017/todo","timestamp":"2025-04-21T12:02:28.301Z"}
{"level":"info","message":"Mongoose default connection disconnected","timestamp":"2025-04-21T12:08:40.543Z"}
{"level":"debug","message":"Mongoose default connection open to mongodb://root:Ahit1234@localhost:27017/todo","timestamp":"2025-04-21T12:11:48.566Z"}
{"level":"info","message":"Mongoose default connection disconnected","timestamp":"2025-04-21T12:17:49.641Z"}
{"level":"debug","message":"Mongoose default connection open to mongodb://root:Ahit1234@localhost:27017/todo","timestamp":"2025-04-21T12:17:59.767Z"}
{"level":"info","message":"Mongoose default connection disconnected","timestamp":"2025-04-21T12:29:00.638Z"}
{"level":"debug","message":"Mongoose default connection open to mongodb://root:Ahit1234@localhost:27017/todo","timestamp":"2025-04-21T12:33:25.766Z"}
{"level":"info","message":"Mongoose default connection disconnected","timestamp":"2025-04-21T12:48:57.645Z"}
{"level":"debug","message":"Mongoose default connection open to mongodb://root:Ahit1234@localhost:27017/todo","timestamp":"2025-04-21T12:49:07.792Z"}
{"level":"info","message":"Mongoose default connection disconnected","timestamp":"2025-04-21T13:05:14.653Z"}
{"level":"debug","message":"Mongoose default connection open to mongodb://root:Ahit1234@localhost:27017/todo","timestamp":"2025-04-21T13:05:24.803Z"}
{"level":"info","message":"Mongoose default connection disconnected","timestamp":"2025-04-21T13:21:59.667Z"}
{"level":"debug","message":"Mongoose default connection open to mongodb://root:Ahit1234@localhost:27017/todo","timestamp":"2025-04-21T13:22:10.396Z"}
{"level":"info","message":"Mongoose default connection disconnected","timestamp":"2025-04-21T13:27:12.383Z"}
{"level":"debug","message":"Mongoose default connection open to mongodb://root:Ahit1234@localhost:27017/todo","timestamp":"2025-04-21T13:27:22.403Z"}
{"level":"info","message":"Mongoose default connection disconnected","timestamp":"2025-04-21T13:30:00.678Z"}
{"level":"debug","message":"Mongoose default connection open to mongodb://root:Ahit1234@localhost:27017/todo","timestamp":"2025-04-21T13:46:31.271Z"}
{"level":"info","message":"Mongoose default connection disconnected","timestamp":"2025-04-21T13:53:26.283Z"}
{"level":"debug","message":"Mongoose default connection open to mongodb://root:Ahit1234@localhost:27017/todo","timestamp":"2025-04-21T14:09:28.591Z"}
{"level":"info","message":"Mongoose default connection disconnected","timestamp":"2025-04-21T14:16:59.456Z"}
{"level":"debug","message":"Mongoose default connection open to mongodb://root:Ahit1234@localhost:27017/todo","timestamp":"2025-04-21T14:17:09.593Z"}
{"level":"debug","message":"mongodb://root:Ahit1234@localhost:27017/todo","timestamp":"2025-04-21T14:24:55.581Z"}
{"level":"info","message":"server running on port : 8080","timestamp":"2025-04-21T14:24:55.651Z"}
{"level":"debug","message":"Mongoose default connection open to mongodb://root:Ahit1234@localhost:27017/todo","timestamp":"2025-04-21T14:24:55.878Z"}
{"level":"info","message":"Mongoose connection done","timestamp":"2025-04-21T14:24:55.880Z"}
{"level":"debug","message":"mongodb://root:Ahit1234@localhost:27017/todo","timestamp":"2025-04-21T14:32:37.205Z"}
{"level":"info","message":"server running on port : 8080","timestamp":"2025-04-21T14:32:37.306Z"}
{"level":"debug","message":"Mongoose default connection open to mongodb://root:Ahit1234@localhost:27017/todo","timestamp":"2025-04-21T14:32:37.349Z"}
{"level":"info","message":"Mongoose connection done","timestamp":"2025-04-21T14:32:37.350Z"}
{"level":"debug","message":"mongodb://root:Ahit1234@localhost:27017/todo","timestamp":"2025-04-21T14:35:35.851Z"}
{"level":"info","message":"server running on port : 8080","timestamp":"2025-04-21T14:35:35.925Z"}
{"level":"debug","message":"Mongoose default connection open to mongodb://root:Ahit1234@localhost:27017/todo","timestamp":"2025-04-21T14:35:36.016Z"}
{"level":"info","message":"Mongoose connection done","timestamp":"2025-04-21T14:35:36.017Z"}
{"level":"debug","message":"mongodb://root:Ahit1234@localhost:27017/todo","timestamp":"2025-04-21T14:39:02.622Z"}
{"level":"info","message":"server running on port : 8080","timestamp":"2025-04-21T14:39:02.692Z"}
{"level":"debug","message":"Mongoose default connection open to mongodb://root:Ahit1234@localhost:27017/todo","timestamp":"2025-04-21T14:39:02.727Z"}
{"level":"info","message":"Mongoose connection done","timestamp":"2025-04-21T14:39:02.727Z"}
{"level":"debug","message":"mongodb://root:Ahit1234@localhost:27017/todo","timestamp":"2025-04-21T14:39:55.393Z"}
{"date":"Mon Apr 21 2025 20:09:55 GMT+0530 (India Standard Time)","error":{},"exception":true,"level":"error","message":"uncaughtException: Router.use() requires a middleware function\nTypeError: Router.use() requires a middleware function\n    at Function.use (/Users/tanujmalode/Desktop/My Code/nodejs-backend-architecture/node_modules/.pnpm/express@4.21.2/node_modules/express/lib/router/index.js:462:11)\n    at Object.<anonymous> (/Users/tanujmalode/Desktop/My Code/nodejs-backend-architecture/dist/routes/todoRoutes.js:12:8)\n    at Module._compile (node:internal/modules/cjs/loader:1734:14)\n    at Object..js (node:internal/modules/cjs/loader:1899:10)\n    at Module.load (node:internal/modules/cjs/loader:1469:32)\n    at Function._load (node:internal/modules/cjs/loader:1286:12)\n    at TracingChannel.traceSync (node:diagnostics_channel:322:14)\n    at wrapModuleLoad (node:internal/modules/cjs/loader:235:24)\n    at Module.require (node:internal/modules/cjs/loader:1491:12)\n    at require (node:internal/modules/helpers:135:16)","os":{"loadavg":[3.8681640625,3.96484375,3.8369140625],"uptime":1510763},"process":{"argv":["/opt/homebrew/Cellar/node/23.9.0/bin/node","/Users/tanujmalode/Desktop/My Code/nodejs-backend-architecture/dist/server.js"],"cwd":"/Users/tanujmalode/Desktop/My Code/nodejs-backend-architecture","execPath":"/opt/homebrew/Cellar/node/23.9.0/bin/node","gid":20,"memoryUsage":{"arrayBuffers":18264625,"external":20459716,"heapTotal":38125568,"heapUsed":28698288,"rss":82067456},"pid":87480,"uid":501,"version":"v23.9.0"},"stack":"TypeError: Router.use() requires a middleware function\n    at Function.use (/Users/tanujmalode/Desktop/My Code/nodejs-backend-architecture/node_modules/.pnpm/express@4.21.2/node_modules/express/lib/router/index.js:462:11)\n    at Object.<anonymous> (/Users/tanujmalode/Desktop/My Code/nodejs-backend-architecture/dist/routes/todoRoutes.js:12:8)\n    at Module._compile (node:internal/modules/cjs/loader:1734:14)\n    at Object..js (node:internal/modules/cjs/loader:1899:10)\n    at Module.load (node:internal/modules/cjs/loader:1469:32)\n    at Function._load (node:internal/modules/cjs/loader:1286:12)\n    at TracingChannel.traceSync (node:diagnostics_channel:322:14)\n    at wrapModuleLoad (node:internal/modules/cjs/loader:235:24)\n    at Module.require (node:internal/modules/cjs/loader:1491:12)\n    at require (node:internal/modules/helpers:135:16)","timestamp":"2025-04-21T14:39:55.471Z","trace":[{"column":11,"file":"/Users/tanujmalode/Desktop/My Code/nodejs-backend-architecture/node_modules/.pnpm/express@4.21.2/node_modules/express/lib/router/index.js","function":"Function.use","line":462,"method":"use","native":false},{"column":8,"file":"/Users/tanujmalode/Desktop/My Code/nodejs-backend-architecture/dist/routes/todoRoutes.js","function":null,"line":12,"method":null,"native":false},{"column":14,"file":"node:internal/modules/cjs/loader","function":"Module._compile","line":1734,"method":"_compile","native":false},{"column":10,"file":"node:internal/modules/cjs/loader","function":"Object..js","line":1899,"method":".js","native":false},{"column":32,"file":"node:internal/modules/cjs/loader","function":"Module.load","line":1469,"method":"load","native":false},{"column":12,"file":"node:internal/modules/cjs/loader","function":"Function._load","line":1286,"method":"_load","native":false},{"column":14,"file":"node:diagnostics_channel","function":"TracingChannel.traceSync","line":322,"method":"traceSync","native":false},{"column":24,"file":"node:internal/modules/cjs/loader","function":"wrapModuleLoad","line":235,"method":null,"native":false},{"column":12,"file":"node:internal/modules/cjs/loader","function":"Module.require","line":1491,"method":"require","native":false},{"column":16,"file":"node:internal/modules/helpers","function":"require","line":135,"method":null,"native":false}]}
{"date":"Mon Apr 21 2025 20:09:55 GMT+0530 (India Standard Time)","error":{},"exception":true,"level":"error","message":"uncaughtException: Router.use() requires a middleware function\nTypeError: Router.use() requires a middleware function\n    at Function.use (/Users/tanujmalode/Desktop/My Code/nodejs-backend-architecture/node_modules/.pnpm/express@4.21.2/node_modules/express/lib/router/index.js:462:11)\n    at Object.<anonymous> (/Users/tanujmalode/Desktop/My Code/nodejs-backend-architecture/dist/routes/todoRoutes.js:12:8)\n    at Module._compile (node:internal/modules/cjs/loader:1734:14)\n    at Object..js (node:internal/modules/cjs/loader:1899:10)\n    at Module.load (node:internal/modules/cjs/loader:1469:32)\n    at Function._load (node:internal/modules/cjs/loader:1286:12)\n    at TracingChannel.traceSync (node:diagnostics_channel:322:14)\n    at wrapModuleLoad (node:internal/modules/cjs/loader:235:24)\n    at Module.require (node:internal/modules/cjs/loader:1491:12)\n    at require (node:internal/modules/helpers:135:16)","os":{"loadavg":[3.8681640625,3.96484375,3.8369140625],"uptime":1510763},"process":{"argv":["/opt/homebrew/Cellar/node/23.9.0/bin/node","/Users/tanujmalode/Desktop/My Code/nodejs-backend-architecture/dist/server.js"],"cwd":"/Users/tanujmalode/Desktop/My Code/nodejs-backend-architecture","execPath":"/opt/homebrew/Cellar/node/23.9.0/bin/node","gid":20,"memoryUsage":{"arrayBuffers":18264625,"external":20459716,"heapTotal":38125568,"heapUsed":28698288,"rss":82067456},"pid":87480,"uid":501,"version":"v23.9.0"},"stack":"TypeError: Router.use() requires a middleware function\n    at Function.use (/Users/tanujmalode/Desktop/My Code/nodejs-backend-architecture/node_modules/.pnpm/express@4.21.2/node_modules/express/lib/router/index.js:462:11)\n    at Object.<anonymous> (/Users/tanujmalode/Desktop/My Code/nodejs-backend-architecture/dist/routes/todoRoutes.js:12:8)\n    at Module._compile (node:internal/modules/cjs/loader:1734:14)\n    at Object..js (node:internal/modules/cjs/loader:1899:10)\n    at Module.load (node:internal/modules/cjs/loader:1469:32)\n    at Function._load (node:internal/modules/cjs/loader:1286:12)\n    at TracingChannel.traceSync (node:diagnostics_channel:322:14)\n    at wrapModuleLoad (node:internal/modules/cjs/loader:235:24)\n    at Module.require (node:internal/modules/cjs/loader:1491:12)\n    at require (node:internal/modules/helpers:135:16)","trace":[{"column":11,"file":"/Users/tanujmalode/Desktop/My Code/nodejs-backend-architecture/node_modules/.pnpm/express@4.21.2/node_modules/express/lib/router/index.js","function":"Function.use","line":462,"method":"use","native":false},{"column":8,"file":"/Users/tanujmalode/Desktop/My Code/nodejs-backend-architecture/dist/routes/todoRoutes.js","function":null,"line":12,"method":null,"native":false},{"column":14,"file":"node:internal/modules/cjs/loader","function":"Module._compile","line":1734,"method":"_compile","native":false},{"column":10,"file":"node:internal/modules/cjs/loader","function":"Object..js","line":1899,"method":".js","native":false},{"column":32,"file":"node:internal/modules/cjs/loader","function":"Module.load","line":1469,"method":"load","native":false},{"column":12,"file":"node:internal/modules/cjs/loader","function":"Function._load","line":1286,"method":"_load","native":false},{"column":14,"file":"node:diagnostics_channel","function":"TracingChannel.traceSync","line":322,"method":"traceSync","native":false},{"column":24,"file":"node:internal/modules/cjs/loader","function":"wrapModuleLoad","line":235,"method":null,"native":false},{"column":12,"file":"node:internal/modules/cjs/loader","function":"Module.require","line":1491,"method":"require","native":false},{"column":16,"file":"node:internal/modules/helpers","function":"require","line":135,"method":null,"native":false}]}
{"level":"debug","message":"Mongoose default connection open to mongodb://root:Ahit1234@localhost:27017/todo","timestamp":"2025-04-21T14:39:55.525Z"}
{"level":"info","message":"Mongoose connection done","timestamp":"2025-04-21T14:39:55.526Z"}
{"level":"debug","message":"mongodb://root:Ahit1234@localhost:27017/todo","timestamp":"2025-04-21T14:40:34.834Z"}
{"level":"info","message":"server running on port : 8080","timestamp":"2025-04-21T14:40:35.026Z"}
{"level":"debug","message":"Mongoose default connection open to mongodb://root:Ahit1234@localhost:27017/todo","timestamp":"2025-04-21T14:40:35.217Z"}
{"level":"info","message":"Mongoose connection done","timestamp":"2025-04-21T14:40:35.218Z"}
{"level":"error","message":"500 - Permission Denied - /api/todo - GET - ::1","timestamp":"2025-04-21T14:42:25.143Z"}
{"level":"error","message":"Error: Permission Denied\n    at /Users/tanujmalode/Desktop/My Code/nodejs-backend-architecture/dist/helpers/permission.js:13:29\n    at Layer.handle [as handle_request] (/Users/tanujmalode/Desktop/My Code/nodejs-backend-architecture/node_modules/.pnpm/express@4.21.2/node_modules/express/lib/router/layer.js:95:5)\n    at trim_prefix (/Users/tanujmalode/Desktop/My Code/nodejs-backend-architecture/node_modules/.pnpm/express@4.21.2/node_modules/express/lib/router/index.js:328:13)\n    at /Users/tanujmalode/Desktop/My Code/nodejs-backend-architecture/node_modules/.pnpm/express@4.21.2/node_modules/express/lib/router/index.js:286:9\n    at Function.process_params (/Users/tanujmalode/Desktop/My Code/nodejs-backend-architecture/node_modules/.pnpm/express@4.21.2/node_modules/express/lib/router/index.js:346:12)\n    at Immediate.next (/Users/tanujmalode/Desktop/My Code/nodejs-backend-architecture/node_modules/.pnpm/express@4.21.2/node_modules/express/lib/router/index.js:280:10)\n    at Immediate._onImmediate (/Users/tanujmalode/Desktop/My Code/nodejs-backend-architecture/node_modules/.pnpm/express@4.21.2/node_modules/express/lib/router/index.js:646:15)\n    at process.processImmediate (node:internal/timers:513:21)","timestamp":"2025-04-21T14:42:25.147Z"}
{"level":"error","message":"500 - Permission Denied - /api/todo - GET - ::1","timestamp":"2025-04-21T14:43:00.592Z"}
{"level":"error","message":"Error: Permission Denied\n    at /Users/tanujmalode/Desktop/My Code/nodejs-backend-architecture/dist/helpers/permission.js:13:29\n    at Layer.handle [as handle_request] (/Users/tanujmalode/Desktop/My Code/nodejs-backend-architecture/node_modules/.pnpm/express@4.21.2/node_modules/express/lib/router/layer.js:95:5)\n    at trim_prefix (/Users/tanujmalode/Desktop/My Code/nodejs-backend-architecture/node_modules/.pnpm/express@4.21.2/node_modules/express/lib/router/index.js:328:13)\n    at /Users/tanujmalode/Desktop/My Code/nodejs-backend-architecture/node_modules/.pnpm/express@4.21.2/node_modules/express/lib/router/index.js:286:9\n    at Function.process_params (/Users/tanujmalode/Desktop/My Code/nodejs-backend-architecture/node_modules/.pnpm/express@4.21.2/node_modules/express/lib/router/index.js:346:12)\n    at Immediate.next (/Users/tanujmalode/Desktop/My Code/nodejs-backend-architecture/node_modules/.pnpm/express@4.21.2/node_modules/express/lib/router/index.js:280:10)\n    at Immediate._onImmediate (/Users/tanujmalode/Desktop/My Code/nodejs-backend-architecture/node_modules/.pnpm/express@4.21.2/node_modules/express/lib/router/index.js:646:15)\n    at process.processImmediate (node:internal/timers:513:21)","timestamp":"2025-04-21T14:43:00.593Z"}
{"level":"info","message":"Mongoose default connection disconnected","timestamp":"2025-04-21T14:53:57.945Z"}
{"level":"debug","message":"mongodb://root:Ahit1234@localhost:27017/todo","timestamp":"2025-04-21T15:24:46.110Z"}
{"level":"info","message":"server running on port : 8080","timestamp":"2025-04-21T15:24:46.165Z"}
{"level":"debug","message":"Mongoose default connection open to mongodb://root:Ahit1234@localhost:27017/todo","timestamp":"2025-04-21T15:24:46.220Z"}
{"level":"info","message":"Mongoose connection done","timestamp":"2025-04-21T15:24:46.221Z"}
{"level":"info","message":"Mongoose default connection disconnected","timestamp":"2025-04-21T15:24:50.410Z"}
