{"level":"info","message":"Mongoose default connection disconnected","timestamp":"2025-05-01T18:51:20.757Z"}
{"level":"debug","message":"Mongoose default connection open to mongodb://root:Ahit1234@localhost:27017/todo","timestamp":"2025-05-01T18:58:33.888Z"}
{"level":"info","message":"Mongoose default connection disconnected","timestamp":"2025-05-01T19:01:02.397Z"}
{"level":"debug","message":"Mongoose default connection open to mongodb://root:Ahit1234@localhost:27017/todo","timestamp":"2025-05-01T19:01:12.411Z"}
{"level":"info","message":"Mongoose default connection disconnected","timestamp":"2025-05-01T19:12:55.774Z"}
{"level":"debug","message":"Mongoose default connection open to mongodb://root:Ahit1234@localhost:27017/todo","timestamp":"2025-05-01T19:13:05.810Z"}
{"level":"info","message":"Mongoose default connection disconnected","timestamp":"2025-05-01T19:29:32.784Z"}
{"level":"debug","message":"Mongoose default connection open to mongodb://root:Ahit1234@localhost:27017/todo","timestamp":"2025-05-01T19:46:31.524Z"}
{"level":"info","message":"Mongoose default connection disconnected","timestamp":"2025-05-01T20:17:37.797Z"}
{"level":"debug","message":"Mongoose default connection open to mongodb://root:Ahit1234@localhost:27017/todo","timestamp":"2025-05-01T20:34:42.508Z"}
{"level":"info","message":"Mongoose default connection disconnected","timestamp":"2025-05-01T21:07:15.803Z"}
{"level":"debug","message":"Mongoose default connection open to mongodb://root:Ahit1234@localhost:27017/todo","timestamp":"2025-05-01T21:24:19.522Z"}
{"level":"info","message":"Mongoose default connection disconnected","timestamp":"2025-05-01T21:57:46.783Z"}
{"level":"debug","message":"Mongoose default connection open to mongodb://root:Ahit1234@localhost:27017/todo","timestamp":"2025-05-01T22:14:41.523Z"}
{"level":"info","message":"Mongoose default connection disconnected","timestamp":"2025-05-01T22:46:46.767Z"}
{"level":"debug","message":"Mongoose default connection open to mongodb://root:Ahit1234@localhost:27017/todo","timestamp":"2025-05-01T23:03:29.476Z"}
{"level":"info","message":"Mongoose default connection disconnected","timestamp":"2025-05-01T23:28:16.760Z"}
{"level":"debug","message":"Mongoose default connection open to mongodb://root:Ahit1234@localhost:27017/todo","timestamp":"2025-05-01T23:46:08.484Z"}
{"level":"info","message":"Mongoose default connection disconnected","timestamp":"2025-05-02T00:13:01.717Z"}
{"level":"debug","message":"Mongoose default connection open to mongodb://root:Ahit1234@localhost:27017/todo","timestamp":"2025-05-02T00:29:38.430Z"}
{"level":"info","message":"Mongoose default connection disconnected","timestamp":"2025-05-02T01:00:44.683Z"}
{"level":"debug","message":"Mongoose default connection open to mongodb://root:Ahit1234@localhost:27017/todo","timestamp":"2025-05-02T01:11:45.426Z"}
{"level":"info","message":"Mongoose default connection disconnected","timestamp":"2025-05-02T01:29:38.689Z"}
{"level":"debug","message":"Mongoose default connection open to mongodb://root:Ahit1234@localhost:27017/todo","timestamp":"2025-05-02T01:46:04.400Z"}
{"level":"info","message":"Mongoose default connection disconnected","timestamp":"2025-05-02T02:12:40.694Z"}
{"level":"debug","message":"Mongoose default connection open to mongodb://root:Ahit1234@localhost:27017/todo","timestamp":"2025-05-02T02:30:12.059Z"}
{"level":"info","message":"Mongoose default connection disconnected","timestamp":"2025-05-02T02:45:44.645Z"}
{"level":"debug","message":"Mongoose default connection open to mongodb://root:Ahit1234@localhost:27017/todo","timestamp":"2025-05-02T03:03:34.379Z"}
{"level":"info","message":"Mongoose default connection disconnected","timestamp":"2025-05-02T03:30:43.728Z"}
{"level":"debug","message":"Mongoose default connection open to mongodb://root:Ahit1234@localhost:27017/todo","timestamp":"2025-05-02T03:46:42.390Z"}
{"level":"info","message":"Mongoose default connection disconnected","timestamp":"2025-05-02T04:16:29.023Z"}
{"level":"debug","message":"Mongoose default connection open to mongodb://root:Ahit1234@localhost:27017/todo","timestamp":"2025-05-02T04:26:22.812Z"}
{"level":"info","message":"Mongoose default connection disconnected","timestamp":"2025-05-02T04:31:26.036Z"}
{"level":"debug","message":"Mongoose default connection open to mongodb://root:Ahit1234@localhost:27017/todo","timestamp":"2025-05-02T04:40:02.024Z"}
{"level":"info","message":"Mongoose default connection disconnected","timestamp":"2025-05-02T04:41:49.149Z"}
{"level":"debug","message":"Mongoose default connection open to mongodb://root:Ahit1234@localhost:27017/todo","timestamp":"2025-05-02T04:56:38.876Z"}
{"level":"info","message":"Mongoose default connection disconnected","timestamp":"2025-05-02T04:59:12.164Z"}
{"level":"debug","message":"Mongoose default connection open to mongodb://root:Ahit1234@localhost:27017/todo","timestamp":"2025-05-02T04:59:22.215Z"}
{"level":"info","message":"Mongoose default connection disconnected","timestamp":"2025-05-02T05:11:01.398Z"}
{"level":"debug","message":"Mongoose default connection open to mongodb://root:Ahit1234@localhost:27017/todo","timestamp":"2025-05-02T05:11:11.427Z"}
{"level":"info","message":"Mongoose default connection disconnected","timestamp":"2025-05-02T05:31:29.627Z"}
{"level":"debug","message":"Mongoose default connection open to mongodb://root:Ahit1234@localhost:27017/todo","timestamp":"2025-05-02T05:48:22.376Z"}
{"level":"info","message":"Mongoose default connection disconnected","timestamp":"2025-05-02T06:06:52.544Z"}
{"level":"debug","message":"Mongoose default connection open to mongodb://root:Ahit1234@localhost:27017/todo","timestamp":"2025-05-02T06:07:02.559Z"}
{"level":"info","message":"Mongoose default connection disconnected","timestamp":"2025-05-02T06:14:29.737Z"}
{"level":"debug","message":"Mongoose default connection open to mongodb://root:Ahit1234@localhost:27017/todo","timestamp":"2025-05-02T06:14:39.758Z"}
{"level":"info","message":"Mongoose default connection disconnected","timestamp":"2025-05-02T06:19:37.564Z"}
{"level":"debug","message":"Mongoose default connection open to mongodb://root:Ahit1234@localhost:27017/todo","timestamp":"2025-05-02T06:34:47.346Z"}
{"level":"info","message":"Mongoose default connection disconnected","timestamp":"2025-05-02T06:48:21.213Z"}
{"level":"debug","message":"Mongoose default connection open to mongodb://root:Ahit1234@localhost:27017/todo","timestamp":"2025-05-02T07:03:48.816Z"}
{"level":"info","message":"Mongoose default connection disconnected","timestamp":"2025-05-02T07:15:05.631Z"}
{"level":"debug","message":"Mongoose default connection open to mongodb://root:Ahit1234@localhost:27017/todo","timestamp":"2025-05-02T07:32:56.881Z"}
{"level":"info","message":"Mongoose default connection disconnected","timestamp":"2025-05-02T07:49:51.629Z"}
{"level":"debug","message":"Mongoose default connection open to mongodb://root:Ahit1234@localhost:27017/todo","timestamp":"2025-05-02T08:05:14.353Z"}
{"level":"info","message":"Mongoose default connection disconnected","timestamp":"2025-05-02T08:16:05.620Z"}
{"level":"debug","message":"Mongoose default connection open to mongodb://root:Ahit1234@localhost:27017/todo","timestamp":"2025-05-02T08:33:42.918Z"}
{"level":"info","message":"Mongoose default connection disconnected","timestamp":"2025-05-02T08:49:47.616Z"}
{"level":"debug","message":"Mongoose default connection open to mongodb://root:Ahit1234@localhost:27017/todo","timestamp":"2025-05-02T09:04:18.637Z"}
{"level":"info","message":"Mongoose default connection disconnected","timestamp":"2025-05-02T09:06:01.238Z"}
{"level":"debug","message":"Mongoose default connection open to mongodb://root:Ahit1234@localhost:27017/todo","timestamp":"2025-05-02T09:17:06.282Z"}
{"level":"info","message":"Mongoose default connection disconnected","timestamp":"2025-05-02T09:18:52.605Z"}
{"level":"debug","message":"Mongoose default connection open to mongodb://root:Ahit1234@localhost:27017/todo","timestamp":"2025-05-02T09:19:02.618Z"}
{"level":"info","message":"Mongoose default connection disconnected","timestamp":"2025-05-02T09:34:41.569Z"}
{"level":"debug","message":"Mongoose default connection open to mongodb://root:Ahit1234@localhost:27017/todo","timestamp":"2025-05-02T09:39:24.358Z"}
{"level":"info","message":"Mongoose default connection disconnected","timestamp":"2025-05-02T09:46:20.991Z"}
{"level":"debug","message":"Mongoose default connection open to mongodb://root:Ahit1234@localhost:27017/todo","timestamp":"2025-05-02T09:46:31.016Z"}
{"level":"info","message":"Mongoose default connection disconnected","timestamp":"2025-05-02T09:59:38.732Z"}
{"level":"debug","message":"Mongoose default connection open to mongodb://root:Ahit1234@localhost:27017/todo","timestamp":"2025-05-02T10:01:26.657Z"}
{"level":"info","message":"Mongoose default connection disconnected","timestamp":"2025-05-02T10:11:43.829Z"}
{"level":"debug","message":"Mongoose default connection open to mongodb://root:Ahit1234@localhost:27017/todo","timestamp":"2025-05-02T10:11:53.876Z"}
{"level":"info","message":"Mongoose default connection disconnected","timestamp":"2025-05-02T10:15:52.964Z"}
{"level":"debug","message":"Mongoose default connection open to mongodb://root:Ahit1234@localhost:27017/todo","timestamp":"2025-05-02T10:33:37.032Z"}
{"level":"info","message":"Mongoose default connection disconnected","timestamp":"2025-05-02T10:46:34.729Z"}
{"level":"debug","message":"Mongoose default connection open to mongodb://root:Ahit1234@localhost:27017/todo","timestamp":"2025-05-02T10:48:21.705Z"}
{"level":"info","message":"Mongoose default connection disconnected","timestamp":"2025-05-02T11:04:58.590Z"}
{"level":"debug","message":"Mongoose default connection open to mongodb://root:Ahit1234@localhost:27017/todo","timestamp":"2025-05-02T11:21:31.274Z"}
{"level":"info","message":"Mongoose default connection disconnected","timestamp":"2025-05-02T11:33:02.653Z"}
{"level":"debug","message":"Mongoose default connection open to mongodb://root:Ahit1234@localhost:27017/todo","timestamp":"2025-05-02T11:33:32.036Z"}
{"level":"info","message":"Mongoose default connection disconnected","timestamp":"2025-05-02T11:51:15.576Z"}
{"level":"debug","message":"Mongoose default connection open to mongodb://root:Ahit1234@localhost:27017/todo","timestamp":"2025-05-02T11:52:50.273Z"}
{"level":"info","message":"Mongoose default connection disconnected","timestamp":"2025-05-02T12:01:21.471Z"}
{"level":"debug","message":"Mongoose default connection open to mongodb://root:Ahit1234@localhost:27017/todo","timestamp":"2025-05-02T12:19:25.148Z"}
{"level":"info","message":"Mongoose default connection disconnected","timestamp":"2025-05-02T12:24:41.191Z"}
{"level":"debug","message":"Mongoose default connection open to mongodb://root:Ahit1234@localhost:27017/todo","timestamp":"2025-05-02T12:24:51.196Z"}
{"level":"info","message":"Mongoose default connection disconnected","timestamp":"2025-05-02T12:53:45.532Z"}
{"level":"debug","message":"Mongoose default connection open to mongodb://root:Ahit1234@localhost:27017/todo","timestamp":"2025-05-02T13:08:55.766Z"}
{"level":"info","message":"Mongoose default connection disconnected","timestamp":"2025-05-02T13:25:16.528Z"}
{"level":"debug","message":"Mongoose default connection open to mongodb://root:Ahit1234@localhost:27017/todo","timestamp":"2025-05-02T13:43:15.245Z"}
{"level":"debug","message":"mongodb://root:Ahit1234@localhost:27017/todo","timestamp":"2025-05-02T14:32:36.196Z"}
{"level":"info","message":"server running on port : 8080","timestamp":"2025-05-02T14:32:36.263Z"}
{"level":"debug","message":"Mongoose default connection open to mongodb://root:Ahit1234@localhost:27017/todo","timestamp":"2025-05-02T14:32:36.408Z"}
{"level":"info","message":"Mongoose connection done","timestamp":"2025-05-02T14:32:36.411Z"}
{"level":"debug","message":"mongodb://root:Ahit1234@localhost:27017/todo","timestamp":"2025-05-02T14:42:53.285Z"}
{"level":"info","message":"server running on port : 8080","timestamp":"2025-05-02T14:42:53.346Z"}
{"level":"debug","message":"Mongoose default connection open to mongodb://root:Ahit1234@localhost:27017/todo","timestamp":"2025-05-02T14:42:53.381Z"}
{"level":"info","message":"Mongoose connection done","timestamp":"2025-05-02T14:42:53.382Z"}
{"level":"debug","message":"mongodb://root:Ahit1234@localhost:27017/todo","timestamp":"2025-05-02T14:44:51.415Z"}
{"level":"info","message":"server running on port : 8080","timestamp":"2025-05-02T14:44:51.476Z"}
{"level":"debug","message":"Mongoose default connection open to mongodb://root:Ahit1234@localhost:27017/todo","timestamp":"2025-05-02T14:44:51.493Z"}
{"level":"info","message":"Mongoose connection done","timestamp":"2025-05-02T14:44:51.494Z"}
{"level":"debug","message":"mongodb://root:Ahit1234@localhost:27017/todo","timestamp":"2025-05-02T14:44:58.531Z"}
{"level":"info","message":"server running on port : 8080","timestamp":"2025-05-02T14:44:58.583Z"}
{"level":"debug","message":"Mongoose default connection open to mongodb://root:Ahit1234@localhost:27017/todo","timestamp":"2025-05-02T14:44:58.597Z"}
{"level":"info","message":"Mongoose connection done","timestamp":"2025-05-02T14:44:58.598Z"}
{"level":"debug","message":"mongodb://root:Ahit1234@localhost:27017/todo","timestamp":"2025-05-02T14:45:42.830Z"}
{"level":"info","message":"server running on port : 8080","timestamp":"2025-05-02T14:45:42.889Z"}
{"level":"debug","message":"Mongoose default connection open to mongodb://root:Ahit1234@localhost:27017/todo","timestamp":"2025-05-02T14:45:42.906Z"}
{"level":"info","message":"Mongoose connection done","timestamp":"2025-05-02T14:45:42.907Z"}
{"level":"debug","message":"mongodb://root:Ahit1234@localhost:27017/todo","timestamp":"2025-05-02T14:46:44.750Z"}
{"level":"info","message":"server running on port : 8080","timestamp":"2025-05-02T14:46:44.811Z"}
{"level":"debug","message":"Mongoose default connection open to mongodb://root:Ahit1234@localhost:27017/todo","timestamp":"2025-05-02T14:46:44.825Z"}
{"level":"info","message":"Mongoose connection done","timestamp":"2025-05-02T14:46:44.826Z"}
{"level":"debug","message":"mongodb://root:Ahit1234@localhost:27017/todo","timestamp":"2025-05-02T14:47:10.431Z"}
{"level":"info","message":"server running on port : 8080","timestamp":"2025-05-02T14:47:10.485Z"}
{"level":"debug","message":"Mongoose default connection open to mongodb://root:Ahit1234@localhost:27017/todo","timestamp":"2025-05-02T14:47:10.499Z"}
{"level":"info","message":"Mongoose connection done","timestamp":"2025-05-02T14:47:10.500Z"}
{"level":"debug","message":"mongodb://root:Ahit1234@localhost:27017/todo","timestamp":"2025-05-02T14:47:46.570Z"}
{"level":"info","message":"server running on port : 8080","timestamp":"2025-05-02T14:47:46.627Z"}
{"level":"debug","message":"Mongoose default connection open to mongodb://root:Ahit1234@localhost:27017/todo","timestamp":"2025-05-02T14:47:46.640Z"}
{"level":"info","message":"Mongoose connection done","timestamp":"2025-05-02T14:47:46.641Z"}
{"level":"debug","message":"mongodb://root:Ahit1234@localhost:27017/todo","timestamp":"2025-05-02T14:48:30.227Z"}
{"level":"info","message":"server running on port : 8080","timestamp":"2025-05-02T14:48:30.287Z"}
{"level":"debug","message":"Mongoose default connection open to mongodb://root:Ahit1234@localhost:27017/todo","timestamp":"2025-05-02T14:48:30.301Z"}
{"level":"info","message":"Mongoose connection done","timestamp":"2025-05-02T14:48:30.302Z"}
{"level":"debug","message":"mongodb://root:Ahit1234@localhost:27017/todo","timestamp":"2025-05-02T14:55:18.017Z"}
{"level":"info","message":"server running on port : 8080","timestamp":"2025-05-02T14:55:18.081Z"}
{"level":"debug","message":"Mongoose default connection open to mongodb://root:Ahit1234@localhost:27017/todo","timestamp":"2025-05-02T14:55:18.120Z"}
{"level":"info","message":"Mongoose connection done","timestamp":"2025-05-02T14:55:18.121Z"}
{"level":"debug","message":"mongodb://root:Ahit1234@localhost:27017/todo","timestamp":"2025-05-02T14:55:41.084Z"}
{"level":"info","message":"server running on port : 8080","timestamp":"2025-05-02T14:55:41.145Z"}
{"level":"debug","message":"Mongoose default connection open to mongodb://root:Ahit1234@localhost:27017/todo","timestamp":"2025-05-02T14:55:41.159Z"}
{"level":"info","message":"Mongoose connection done","timestamp":"2025-05-02T14:55:41.160Z"}
{"level":"debug","message":"mongodb://root:Ahit1234@localhost:27017/todo","timestamp":"2025-05-02T15:02:11.669Z"}
{"level":"info","message":"server running on port : 8080","timestamp":"2025-05-02T15:02:11.735Z"}
{"level":"debug","message":"Mongoose default connection open to mongodb://root:Ahit1234@localhost:27017/todo","timestamp":"2025-05-02T15:02:11.780Z"}
{"level":"info","message":"Mongoose connection done","timestamp":"2025-05-02T15:02:11.781Z"}
{"level":"debug","message":"mongodb://root:Ahit1234@localhost:27017/todo","timestamp":"2025-05-02T15:05:36.837Z"}
{"level":"info","message":"server running on port : 8080","timestamp":"2025-05-02T15:05:36.898Z"}
{"level":"debug","message":"Mongoose default connection open to mongodb://root:Ahit1234@localhost:27017/todo","timestamp":"2025-05-02T15:05:36.933Z"}
{"level":"info","message":"Mongoose connection done","timestamp":"2025-05-02T15:05:36.933Z"}
{"level":"debug","message":"mongodb://root:Ahit1234@localhost:27017/todo","timestamp":"2025-05-02T15:05:45.502Z"}
{"level":"info","message":"server running on port : 8080","timestamp":"2025-05-02T15:05:45.553Z"}
{"level":"debug","message":"Mongoose default connection open to mongodb://root:Ahit1234@localhost:27017/todo","timestamp":"2025-05-02T15:05:45.567Z"}
{"level":"info","message":"Mongoose connection done","timestamp":"2025-05-02T15:05:45.568Z"}
{"level":"debug","message":"mongodb://root:Ahit1234@localhost:27017/todo","timestamp":"2025-05-02T15:06:05.208Z"}
{"level":"info","message":"server running on port : 8080","timestamp":"2025-05-02T15:06:05.260Z"}
{"level":"debug","message":"Mongoose default connection open to mongodb://root:Ahit1234@localhost:27017/todo","timestamp":"2025-05-02T15:06:05.274Z"}
{"level":"info","message":"Mongoose connection done","timestamp":"2025-05-02T15:06:05.275Z"}
{"level":"debug","message":"mongodb://root:Ahit1234@localhost:27017/todo","timestamp":"2025-05-02T15:07:38.711Z"}
{"level":"info","message":"server running on port : 8080","timestamp":"2025-05-02T15:07:38.770Z"}
{"level":"debug","message":"Mongoose default connection open to mongodb://root:Ahit1234@localhost:27017/todo","timestamp":"2025-05-02T15:07:38.785Z"}
{"level":"info","message":"Mongoose connection done","timestamp":"2025-05-02T15:07:38.786Z"}
{"level":"debug","message":"mongodb://root:Ahit1234@localhost:27017/todo","timestamp":"2025-05-02T15:08:23.165Z"}
{"level":"info","message":"server running on port : 8080","timestamp":"2025-05-02T15:08:23.224Z"}
{"level":"debug","message":"Mongoose default connection open to mongodb://root:Ahit1234@localhost:27017/todo","timestamp":"2025-05-02T15:08:23.239Z"}
{"level":"info","message":"Mongoose connection done","timestamp":"2025-05-02T15:08:23.240Z"}
{"level":"debug","message":"mongodb://root:Ahit1234@localhost:27017/todo","timestamp":"2025-05-02T15:10:20.224Z"}
{"level":"info","message":"server running on port : 8080","timestamp":"2025-05-02T15:10:20.294Z"}
{"level":"debug","message":"Mongoose default connection open to mongodb://root:Ahit1234@localhost:27017/todo","timestamp":"2025-05-02T15:10:20.630Z"}
{"level":"info","message":"Mongoose connection done","timestamp":"2025-05-02T15:10:20.631Z"}
{"level":"debug","message":"mongodb://root:Ahit1234@localhost:27017/todo","timestamp":"2025-05-02T15:12:08.997Z"}
{"level":"info","message":"server running on port : 8080","timestamp":"2025-05-02T15:12:09.064Z"}
{"level":"debug","message":"Mongoose default connection open to mongodb://root:Ahit1234@localhost:27017/todo","timestamp":"2025-05-02T15:12:09.093Z"}
{"level":"info","message":"Mongoose connection done","timestamp":"2025-05-02T15:12:09.094Z"}
{"level":"error","message":"500 - Permission Denied - /api/todo - GET - ::1","timestamp":"2025-05-02T15:12:31.360Z"}
{"level":"error","message":"Error: Permission Denied\n    at /Users/tanujmalode/Desktop/My Code/nodejs-backend-architecture/dist/auth/authorization.js:31:15\n    at Generator.next (<anonymous>)\n    at fulfilled (/Users/tanujmalode/Desktop/My Code/nodejs-backend-architecture/dist/auth/authorization.js:5:58)\n    at process.processTicksAndRejections (node:internal/process/task_queues:105:5)","timestamp":"2025-05-02T15:12:31.360Z"}
{"level":"debug","message":"mongodb://root:Ahit1234@localhost:27017/todo","timestamp":"2025-05-02T15:14:22.018Z"}
{"level":"info","message":"server running on port : 8080","timestamp":"2025-05-02T15:14:22.083Z"}
{"level":"debug","message":"Mongoose default connection open to mongodb://root:Ahit1234@localhost:27017/todo","timestamp":"2025-05-02T15:14:22.110Z"}
{"level":"info","message":"Mongoose connection done","timestamp":"2025-05-02T15:14:22.111Z"}
{"level":"debug","message":"mongodb://root:Ahit1234@localhost:27017/todo","timestamp":"2025-05-02T15:14:35.194Z"}
{"level":"info","message":"server running on port : 8080","timestamp":"2025-05-02T15:14:35.249Z"}
{"level":"debug","message":"Mongoose default connection open to mongodb://root:Ahit1234@localhost:27017/todo","timestamp":"2025-05-02T15:14:35.262Z"}
{"level":"info","message":"Mongoose connection done","timestamp":"2025-05-02T15:14:35.263Z"}
{"level":"debug","message":"mongodb://root:Ahit1234@localhost:27017/todo","timestamp":"2025-05-02T15:15:19.134Z"}
{"level":"info","message":"server running on port : 8080","timestamp":"2025-05-02T15:15:19.248Z"}
{"level":"debug","message":"Mongoose default connection open to mongodb://root:Ahit1234@localhost:27017/todo","timestamp":"2025-05-02T15:15:19.261Z"}
{"level":"info","message":"Mongoose connection done","timestamp":"2025-05-02T15:15:19.262Z"}
{"level":"debug","message":"mongodb://root:Ahit1234@localhost:27017/todo","timestamp":"2025-05-02T15:17:03.882Z"}
{"level":"info","message":"server running on port : 8080","timestamp":"2025-05-02T15:17:03.941Z"}
{"level":"debug","message":"Mongoose default connection open to mongodb://root:Ahit1234@localhost:27017/todo","timestamp":"2025-05-02T15:17:03.955Z"}
{"level":"info","message":"Mongoose connection done","timestamp":"2025-05-02T15:17:03.956Z"}
{"level":"debug","message":"mongodb://root:Ahit1234@localhost:27017/todo","timestamp":"2025-05-02T15:19:43.685Z"}
{"level":"info","message":"server running on port : 8080","timestamp":"2025-05-02T15:19:43.769Z"}
{"level":"debug","message":"Mongoose default connection open to mongodb://root:Ahit1234@localhost:27017/todo","timestamp":"2025-05-02T15:19:43.811Z"}
{"level":"info","message":"Mongoose connection done","timestamp":"2025-05-02T15:19:43.812Z"}
{"level":"debug","message":"mongodb://root:Ahit1234@localhost:27017/todo","timestamp":"2025-05-02T15:21:51.672Z"}
{"level":"info","message":"server running on port : 8080","timestamp":"2025-05-02T15:21:51.758Z"}
{"level":"debug","message":"Mongoose default connection open to mongodb://root:Ahit1234@localhost:27017/todo","timestamp":"2025-05-02T15:21:51.831Z"}
{"level":"info","message":"Mongoose connection done","timestamp":"2025-05-02T15:21:51.832Z"}
{"level":"debug","message":"mongodb://root:Ahit1234@localhost:27017/todo","timestamp":"2025-05-02T15:26:48.316Z"}
{"level":"info","message":"server running on port : 8080","timestamp":"2025-05-02T15:26:48.399Z"}
{"level":"debug","message":"Mongoose default connection open to mongodb://root:Ahit1234@localhost:27017/todo","timestamp":"2025-05-02T15:26:48.458Z"}
{"level":"info","message":"Mongoose connection done","timestamp":"2025-05-02T15:26:48.459Z"}
{"level":"debug","message":"mongodb://root:Ahit1234@localhost:27017/todo","timestamp":"2025-05-02T15:28:19.970Z"}
{"level":"info","message":"server running on port : 8080","timestamp":"2025-05-02T15:28:20.046Z"}
{"level":"debug","message":"Mongoose default connection open to mongodb://root:Ahit1234@localhost:27017/todo","timestamp":"2025-05-02T15:28:20.118Z"}
{"level":"info","message":"Mongoose connection done","timestamp":"2025-05-02T15:28:20.119Z"}
{"level":"debug","message":"mongodb://root:Ahit1234@localhost:27017/todo","timestamp":"2025-05-02T15:41:22.046Z"}
{"level":"info","message":"server running on port : 8080","timestamp":"2025-05-02T15:41:22.145Z"}
{"level":"debug","message":"Mongoose default connection open to mongodb://root:Ahit1234@localhost:27017/todo","timestamp":"2025-05-02T15:41:22.392Z"}
{"level":"info","message":"Mongoose connection done","timestamp":"2025-05-02T15:41:22.394Z"}
{"level":"debug","message":"mongodb://root:Ahit1234@localhost:27017/todo","timestamp":"2025-05-02T15:41:50.050Z"}
{"level":"info","message":"server running on port : 8080","timestamp":"2025-05-02T15:41:50.127Z"}
{"level":"debug","message":"Mongoose default connection open to mongodb://root:Ahit1234@localhost:27017/todo","timestamp":"2025-05-02T15:41:50.198Z"}
{"level":"info","message":"Mongoose connection done","timestamp":"2025-05-02T15:41:50.199Z"}
{"level":"error","message":"500 - Permission Denied - /api/todo - GET - ::1","timestamp":"2025-05-02T15:41:50.744Z"}
{"level":"error","message":"Error: Permission Denied\n    at /Users/tanujmalode/Desktop/My Code/nodejs-backend-architecture/dist/auth/authorization.js:32:15\n    at Generator.next (<anonymous>)\n    at fulfilled (/Users/tanujmalode/Desktop/My Code/nodejs-backend-architecture/dist/auth/authorization.js:5:58)\n    at process.processTicksAndRejections (node:internal/process/task_queues:105:5)","timestamp":"2025-05-02T15:41:50.744Z"}
{"level":"debug","message":"mongodb://root:Ahit1234@localhost:27017/todo","timestamp":"2025-05-02T15:42:10.149Z"}
{"level":"info","message":"server running on port : 8080","timestamp":"2025-05-02T15:42:10.223Z"}
{"level":"debug","message":"Mongoose default connection open to mongodb://root:Ahit1234@localhost:27017/todo","timestamp":"2025-05-02T15:42:10.264Z"}
{"level":"info","message":"Mongoose connection done","timestamp":"2025-05-02T15:42:10.265Z"}
{"level":"debug","message":"mongodb://root:Ahit1234@localhost:27017/todo","timestamp":"2025-05-02T15:42:47.109Z"}
{"level":"info","message":"server running on port : 8080","timestamp":"2025-05-02T15:42:47.184Z"}
{"level":"debug","message":"Mongoose default connection open to mongodb://root:Ahit1234@localhost:27017/todo","timestamp":"2025-05-02T15:42:47.220Z"}
{"level":"info","message":"Mongoose connection done","timestamp":"2025-05-02T15:42:47.221Z"}
{"level":"error","message":"500 - Permission Denied - /api/todo - GET - ::1","timestamp":"2025-05-02T15:42:52.715Z"}
{"level":"error","message":"Error: Permission Denied\n    at /Users/tanujmalode/Desktop/My Code/nodejs-backend-architecture/dist/auth/authorization.js:33:15\n    at Generator.next (<anonymous>)\n    at fulfilled (/Users/tanujmalode/Desktop/My Code/nodejs-backend-architecture/dist/auth/authorization.js:5:58)\n    at process.processTicksAndRejections (node:internal/process/task_queues:105:5)","timestamp":"2025-05-02T15:42:52.716Z"}
{"level":"debug","message":"mongodb://root:Ahit1234@localhost:27017/todo","timestamp":"2025-05-02T15:44:11.001Z"}
{"level":"info","message":"server running on port : 8080","timestamp":"2025-05-02T15:44:11.104Z"}
{"level":"debug","message":"Mongoose default connection open to mongodb://root:Ahit1234@localhost:27017/todo","timestamp":"2025-05-02T15:44:11.257Z"}
{"level":"info","message":"Mongoose connection done","timestamp":"2025-05-02T15:44:11.259Z"}
{"level":"info","message":"Mongoose default connection disconnected","timestamp":"2025-05-02T15:51:54.485Z"}
